Using pre-set license
Built from '2020.3/staging' branch; Version is '2020.3.19f1 (68f137dc9bbe) revision 6877495'; Using compiler version '192528614'; Build Type 'Release'
OS: 'Windows 10 Pro; OS build 19042.1288; Version 2009; 64bit' Language: 'zh' Physical Memory: 32697 MB
BatchMode: 1, IsHumanControllingUs: 0, StartBugReporterOnCrash: 0, Is64bit: 1, IsPro: 0

COMMAND LINE ARGUMENTS:
C:\Program Files\Unity\Hub\Editor\2020.3.19f1\Editor\Unity.exe
-adb2
-batchMode
-noUpm
-name
AssetImportWorker0
-projectPath
C:/Users/JOJO/Documents/GitHub/NewDungeonEscape/DungeonEsacape
-logFile
Logs/AssetImportWorker0.log
-srvPort
59102
Successfully changed project path to: C:/Users/JOJO/Documents/GitHub/NewDungeonEscape/DungeonEsacape
C:/Users/JOJO/Documents/GitHub/NewDungeonEscape/DungeonEsacape
Using Asset Import Pipeline V2.
Refreshing native plugins compatible for Editor in 75.55 ms, found 3 plugins.
Preloading 0 native plugins for Editor in 0.00 ms.
Initialize engine version: 2020.3.19f1 (68f137dc9bbe)
[Subsystems] Discovering subsystems at path C:/Program Files/Unity/Hub/Editor/2020.3.19f1/Editor/Data/Resources/UnitySubsystems
[Subsystems] Discovering subsystems at path C:/Users/JOJO/Documents/GitHub/NewDungeonEscape/DungeonEsacape/Assets
GfxDevice: creating device client; threaded=0
Direct3D:
    Version:  Direct3D 11.0 [level 11.1]
    Renderer: NVIDIA GeForce RTX 2080 (ID=0x1e87)
    Vendor:   
    VRAM:     8010 MB
    Driver:   27.21.14.6089
Initialize mono
Mono path[0] = 'C:/Program Files/Unity/Hub/Editor/2020.3.19f1/Editor/Data/Managed'
Mono path[1] = 'C:/Program Files/Unity/Hub/Editor/2020.3.19f1/Editor/Data/MonoBleedingEdge/lib/mono/unityjit'
Mono config path = 'C:/Program Files/Unity/Hub/Editor/2020.3.19f1/Editor/Data/MonoBleedingEdge/etc'
Using monoOptions --debugger-agent=transport=dt_socket,embedding=1,server=y,suspend=n,address=127.0.0.1:56196
Begin MonoManager ReloadAssembly
Registering precompiled unity dll's ...
Register platform support module: C:/Program Files/Unity/Hub/Editor/2020.3.19f1/Editor/Data/PlaybackEngines/WindowsStandaloneSupport/UnityEditor.WindowsStandalone.Extensions.dll
Registered in 0.002158 seconds.
Native extension for WindowsStandalone target not found
Refreshing native plugins compatible for Editor in 100.93 ms, found 3 plugins.
Preloading 0 native plugins for Editor in 0.00 ms.
Mono: successfully reloaded assembly
- Completed reload, in  1.393 seconds
Domain Reload Profiling:
	ReloadAssembly (1394ms)
		BeginReloadAssembly (65ms)
			ExecutionOrderSort (0ms)
			DisableScriptedObjects (0ms)
			BackupInstance (0ms)
			ReleaseScriptingObjects (0ms)
			CreateAndSetChildDomain (1ms)
		EndReloadAssembly (615ms)
			LoadAssemblies (62ms)
			RebuildTransferFunctionScriptingTraits (0ms)
			SetupTypeCache (190ms)
			ReleaseScriptCaches (0ms)
			RebuildScriptCaches (42ms)
			SetupLoadedEditorAssemblies (276ms)
				LogAssemblyErrors (0ms)
				InitializePlatformSupportModulesInManaged (8ms)
				SetLoadedEditorAssemblies (0ms)
				RefreshPlugins (101ms)
				BeforeProcessingInitializeOnLoad (19ms)
				ProcessInitializeOnLoadAttributes (111ms)
				ProcessInitializeOnLoadMethodAttributes (36ms)
				AfterProcessingInitializeOnLoad (0ms)
				EditorAssembliesLoaded (0ms)
			ExecutionOrderSort2 (0ms)
			AwakeInstancesAfterBackupRestoration (0ms)
Platform modules already initialized, skipping
Registering precompiled user dll's ...
Registered in 0.006642 seconds.
Begin MonoManager ReloadAssembly
Native extension for WindowsStandalone target not found
Refreshing native plugins compatible for Editor in 73.37 ms, found 3 plugins.
Preloading 0 native plugins for Editor in 0.00 ms.
Mono: successfully reloaded assembly
- Completed reload, in  1.566 seconds
Domain Reload Profiling:
	ReloadAssembly (1567ms)
		BeginReloadAssembly (202ms)
			ExecutionOrderSort (0ms)
			DisableScriptedObjects (4ms)
			BackupInstance (0ms)
			ReleaseScriptingObjects (0ms)
			CreateAndSetChildDomain (26ms)
		EndReloadAssembly (1280ms)
			LoadAssemblies (133ms)
			RebuildTransferFunctionScriptingTraits (0ms)
			SetupTypeCache (449ms)
			ReleaseScriptCaches (1ms)
			RebuildScriptCaches (69ms)
			SetupLoadedEditorAssemblies (483ms)
				LogAssemblyErrors (0ms)
				InitializePlatformSupportModulesInManaged (4ms)
				SetLoadedEditorAssemblies (0ms)
				RefreshPlugins (73ms)
				BeforeProcessingInitializeOnLoad (139ms)
				ProcessInitializeOnLoadAttributes (239ms)
				ProcessInitializeOnLoadMethodAttributes (18ms)
				AfterProcessingInitializeOnLoad (9ms)
				EditorAssembliesLoaded (0ms)
			ExecutionOrderSort2 (0ms)
			AwakeInstancesAfterBackupRestoration (8ms)
Platform modules already initialized, skipping
========================================================================
Worker process is ready to serve import requests
Launched and connected shader compiler UnityShaderCompiler.exe after 0.15 seconds
Refreshing native plugins compatible for Editor in 1.69 ms, found 3 plugins.
Preloading 0 native plugins for Editor in 0.00 ms.
Unloading 3190 Unused Serialized files (Serialized files now loaded: 0)
System memory in use before: 136.7 MB.
System memory in use after: 136.9 MB.

Unloading 27 unused Assets to reduce memory usage. Loaded Objects now: 3632.
Total: 5.151700 ms (FindLiveObjects: 0.747200 ms CreateObjectMapping: 0.293400 ms MarkObjects: 3.989700 ms  DeleteObjects: 0.119700 ms)

AssetImportParameters requested are different than current active one (requested -> active):
  custom:framework-win-MediaFoundation: 216162199b28c13a410421893ffa2e32 -> 
  custom:video-decoder-ogg-theora: a1e56fd34408186e4bbccfd4996cb3dc -> 
  custom:container-muxer-webm: aa71ff27fc2769a1b78a27578f13a17b -> 
  custom:container-demuxer-webm: 4f35f7cbe854078d1ac9338744f61a02 -> 
  custom:container-demuxer-ogg: 62fdf1f143b41e24485cea50d1cbac27 -> 
  custom:video-encoder-webm-vp8: eb34c28f22e8b96e1ab97ce403110664 -> 
  custom:video-decoder-webm-vp8: 9c59270c3fd7afecdb556c50c9e8de78 -> 
  custom:audio-decoder-ogg-vorbis: bf7c407c2cedff20999df2af8eb42d56 -> 
  custom:audio-encoder-webm-vorbis: bf7c407c2cedff20999df2af8eb42d56 -> 
========================================================================
Received Import Request.
  path: Assets/Scenes/MainGameScene.unity
  artifactKey: Guid(b4745aacffa8669418299bb4f7244421) Importer(815301076,1909f56bfc062723c751e8b465ee728b)
Start importing Assets/Scenes/MainGameScene.unity using Guid(b4745aacffa8669418299bb4f7244421) Importer(815301076,1909f56bfc062723c751e8b465ee728b)  -> (artifact id: 'eaeb0a5a49153b686b471dff03fc20be') in 0.029545 seconds 
  Import took 0.035518 seconds .

========================================================================
Received Import Request.
  Time since last request: 92.487224 seconds.
  path: Assets/tilemaps
  artifactKey: Guid(347551609e1d80d49b35e93adac8bca2) Importer(815301076,1909f56bfc062723c751e8b465ee728b)
Start importing Assets/tilemaps using Guid(347551609e1d80d49b35e93adac8bca2) Importer(815301076,1909f56bfc062723c751e8b465ee728b)  -> (artifact id: '94cef0ea2d1801ae2c4b227ad497cb2b') in 0.012582 seconds 
  Import took 0.021687 seconds .

========================================================================
Received Import Request.
  Time since last request: 20.707806 seconds.
  path: Assets/tilemaps/0x72_DungeonTilesetII_v1.4.png
  artifactKey: Guid(54e8c6c1a809b7d4d9ca25203430ef66) Importer(815301076,1909f56bfc062723c751e8b465ee728b)
Start importing Assets/tilemaps/0x72_DungeonTilesetII_v1.4.png using Guid(54e8c6c1a809b7d4d9ca25203430ef66) Importer(815301076,1909f56bfc062723c751e8b465ee728b)  -> (artifact id: '43a0463c56214f5f4166cc5d03020a87') in 0.126671 seconds 
  Import took 0.133576 seconds .

========================================================================
Received Import Request.
  Time since last request: 18.322446 seconds.
  path: Assets/tilemaps/0x72_DungeonTilesetII_v1.4.png
  artifactKey: Guid(54e8c6c1a809b7d4d9ca25203430ef66) Importer(815301076,1909f56bfc062723c751e8b465ee728b)
Start importing Assets/tilemaps/0x72_DungeonTilesetII_v1.4.png using Guid(54e8c6c1a809b7d4d9ca25203430ef66) Importer(815301076,1909f56bfc062723c751e8b465ee728b)  -> (artifact id: '307c3b24083f4e343eadb94731542306') in 0.020671 seconds 
  Import took 0.029892 seconds .

========================================================================
Received Import Request.
  Time since last request: 33.552939 seconds.
  path: Assets/tilemaps/0x72_DungeonTilesetII_v1.4.png
  artifactKey: Guid(54e8c6c1a809b7d4d9ca25203430ef66) Importer(815301076,1909f56bfc062723c751e8b465ee728b)
Start importing Assets/tilemaps/0x72_DungeonTilesetII_v1.4.png using Guid(54e8c6c1a809b7d4d9ca25203430ef66) Importer(815301076,1909f56bfc062723c751e8b465ee728b)  -> (artifact id: 'd193496c84b70e7c94ec432d098fcdc4') in 1.846581 seconds 
  Import took 1.856873 seconds .

========================================================================
Received Import Request.
  Time since last request: 63.840155 seconds.
  path: Assets/tilemaps/tile.prefab
  artifactKey: Guid(c7400aff036ba2848be3e3679a836549) Importer(815301076,1909f56bfc062723c751e8b465ee728b)
Start importing Assets/tilemaps/tile.prefab using Guid(c7400aff036ba2848be3e3679a836549) Importer(815301076,1909f56bfc062723c751e8b465ee728b)  -> (artifact id: '69d46406eda98b8cee2cb93697fed9ee') in 0.057743 seconds 
  Import took 0.065023 seconds .

========================================================================
Received Import Request.
  Time since last request: 39.202489 seconds.
  path: Assets/tilemaps/0x72_DungeonTilesetII_v1.4_0.asset
  artifactKey: Guid(988f4a7032b303140b9009431929cebc) Importer(815301076,1909f56bfc062723c751e8b465ee728b)
Start importing Assets/tilemaps/0x72_DungeonTilesetII_v1.4_0.asset using Guid(988f4a7032b303140b9009431929cebc) Importer(815301076,1909f56bfc062723c751e8b465ee728b)  -> (artifact id: '0ab47b4b98337363f62207a15f3df992') in 0.030631 seconds 
  Import took 0.038325 seconds .

========================================================================
Received Import Request.
  Time since last request: 0.000259 seconds.
  path: Assets/tilemaps/0x72_DungeonTilesetII_v1.4_40.asset
  artifactKey: Guid(b27f2abd738390a4eb48b81973decb74) Importer(815301076,1909f56bfc062723c751e8b465ee728b)
Start importing Assets/tilemaps/0x72_DungeonTilesetII_v1.4_40.asset using Guid(b27f2abd738390a4eb48b81973decb74) Importer(815301076,1909f56bfc062723c751e8b465ee728b)  -> (artifact id: '0d7d1a422e147f72fec4cc0cc57fcd52') in 0.018853 seconds 
  Import took 0.027604 seconds .

========================================================================
Received Import Request.
  Time since last request: 0.000317 seconds.
  path: Assets/tilemaps/0x72_DungeonTilesetII_v1.4_93.asset
  artifactKey: Guid(91f8dae086d297b49bde8bf2a0065dc9) Importer(815301076,1909f56bfc062723c751e8b465ee728b)
Start importing Assets/tilemaps/0x72_DungeonTilesetII_v1.4_93.asset using Guid(91f8dae086d297b49bde8bf2a0065dc9) Importer(815301076,1909f56bfc062723c751e8b465ee728b)  -> (artifact id: 'c11558b957bdb6054ce205ac4077cdb2') in 0.016306 seconds 
  Import took 0.026372 seconds .

========================================================================
Received Import Request.
  Time since last request: 0.000231 seconds.
  path: Assets/tilemaps/0x72_DungeonTilesetII_v1.4_109.asset
  artifactKey: Guid(8c959cf404b3cfc41806f6db211eac61) Importer(815301076,1909f56bfc062723c751e8b465ee728b)
Start importing Assets/tilemaps/0x72_DungeonTilesetII_v1.4_109.asset using Guid(8c959cf404b3cfc41806f6db211eac61) Importer(815301076,1909f56bfc062723c751e8b465ee728b)  -> (artifact id: '38a369877ed13127f0d3e92717856341') in 0.018016 seconds 
  Import took 0.026041 seconds .

========================================================================
Received Import Request.
  Time since last request: 0.000219 seconds.
  path: Assets/tilemaps/0x72_DungeonTilesetII_v1.4_117.asset
  artifactKey: Guid(8b220af7e4ac3c449b007d602408b9b7) Importer(815301076,1909f56bfc062723c751e8b465ee728b)
Start importing Assets/tilemaps/0x72_DungeonTilesetII_v1.4_117.asset using Guid(8b220af7e4ac3c449b007d602408b9b7) Importer(815301076,1909f56bfc062723c751e8b465ee728b)  -> (artifact id: 'ba5ab0101777997d09b664b281fd6e20') in 0.017212 seconds 
  Import took 0.030835 seconds .

========================================================================
Received Import Request.
  Time since last request: 0.000382 seconds.
  path: Assets/tilemaps/0x72_DungeonTilesetII_v1.4_64.asset
  artifactKey: Guid(d3024f490c34d4947bd4dcf4335fff50) Importer(815301076,1909f56bfc062723c751e8b465ee728b)
Start importing Assets/tilemaps/0x72_DungeonTilesetII_v1.4_64.asset using Guid(d3024f490c34d4947bd4dcf4335fff50) Importer(815301076,1909f56bfc062723c751e8b465ee728b)  -> (artifact id: 'ec78f5902e8216a7b823fc3dd65ea5b7') in 0.016325 seconds 
  Import took 0.025904 seconds .

========================================================================
Received Import Request.
  Time since last request: 0.000963 seconds.
  path: Assets/tilemaps/0x72_DungeonTilesetII_v1.4_87.asset
  artifactKey: Guid(a3a546ad96dcd0b40ae1e1a3599cf781) Importer(815301076,1909f56bfc062723c751e8b465ee728b)
Start importing Assets/tilemaps/0x72_DungeonTilesetII_v1.4_87.asset using Guid(a3a546ad96dcd0b40ae1e1a3599cf781) Importer(815301076,1909f56bfc062723c751e8b465ee728b)  -> (artifact id: 'cb86385a683623ea8c0fc8bafe9b1bd2') in 0.025057 seconds 
  Import took 0.031826 seconds .

========================================================================
Received Import Request.
  Time since last request: 0.000658 seconds.
  path: Assets/tilemaps/0x72_DungeonTilesetII_v1.4_54.asset
  artifactKey: Guid(d7fe620b82cc5dd4b9e8c29000fd2ac2) Importer(815301076,1909f56bfc062723c751e8b465ee728b)
Start importing Assets/tilemaps/0x72_DungeonTilesetII_v1.4_54.asset using Guid(d7fe620b82cc5dd4b9e8c29000fd2ac2) Importer(815301076,1909f56bfc062723c751e8b465ee728b)  -> (artifact id: '5dd0e08a6b14241b4a6cf50ea2225971') in 0.018469 seconds 
  Import took 0.026613 seconds .

========================================================================
Received Import Request.
  Time since last request: 0.000186 seconds.
  path: Assets/tilemaps/0x72_DungeonTilesetII_v1.4_86.asset
  artifactKey: Guid(9089fc619b56cec4291334228487083b) Importer(815301076,1909f56bfc062723c751e8b465ee728b)
Start importing Assets/tilemaps/0x72_DungeonTilesetII_v1.4_86.asset using Guid(9089fc619b56cec4291334228487083b) Importer(815301076,1909f56bfc062723c751e8b465ee728b)  -> (artifact id: '0e7974e89245dba40546692b5debfad3') in 0.015622 seconds 
  Import took 0.024043 seconds .

========================================================================
Received Import Request.
  Time since last request: 0.000303 seconds.
  path: Assets/tilemaps/0x72_DungeonTilesetII_v1.4_120.asset
  artifactKey: Guid(35a0cd73c10e1ad4384af4b21c3890af) Importer(815301076,1909f56bfc062723c751e8b465ee728b)
Start importing Assets/tilemaps/0x72_DungeonTilesetII_v1.4_120.asset using Guid(35a0cd73c10e1ad4384af4b21c3890af) Importer(815301076,1909f56bfc062723c751e8b465ee728b)  -> (artifact id: '5c6ba781b4c338b80865ac090cca0a18') in 0.019480 seconds 
  Import took 0.026267 seconds .

========================================================================
Received Import Request.
  Time since last request: 0.000175 seconds.
  path: Assets/tilemaps/0x72_DungeonTilesetII_v1.4_118.asset
  artifactKey: Guid(8cfbad304b93128488ebc3bd4b272139) Importer(815301076,1909f56bfc062723c751e8b465ee728b)
Start importing Assets/tilemaps/0x72_DungeonTilesetII_v1.4_118.asset using Guid(8cfbad304b93128488ebc3bd4b272139) Importer(815301076,1909f56bfc062723c751e8b465ee728b)  -> (artifact id: '3c5d60556df16a0e3f86610be4f80650') in 0.014570 seconds 
  Import took 0.025144 seconds .

========================================================================
Received Import Request.
  Time since last request: 0.000182 seconds.
  path: Assets/tilemaps/0x72_DungeonTilesetII_v1.4_126.asset
  artifactKey: Guid(19b4c8e12bd25294a9a619fb4558a5ff) Importer(815301076,1909f56bfc062723c751e8b465ee728b)
Start importing Assets/tilemaps/0x72_DungeonTilesetII_v1.4_126.asset using Guid(19b4c8e12bd25294a9a619fb4558a5ff) Importer(815301076,1909f56bfc062723c751e8b465ee728b)  -> (artifact id: 'e12c4120177ecedfbd535e3900ef6af0') in 0.016270 seconds 
  Import took 0.025507 seconds .

========================================================================
Received Import Request.
  Time since last request: 0.000198 seconds.
  path: Assets/tilemaps/0x72_DungeonTilesetII_v1.4_127.asset
  artifactKey: Guid(83754278f1225f84ebc9ce60ea3045d9) Importer(815301076,1909f56bfc062723c751e8b465ee728b)
Start importing Assets/tilemaps/0x72_DungeonTilesetII_v1.4_127.asset using Guid(83754278f1225f84ebc9ce60ea3045d9) Importer(815301076,1909f56bfc062723c751e8b465ee728b)  -> (artifact id: '5a6c29667ae8bbdc1432faf1a61dda1a') in 0.018670 seconds 
  Import took 0.027232 seconds .

========================================================================
Received Import Request.
  Time since last request: 0.000199 seconds.
  path: Assets/tilemaps/0x72_DungeonTilesetII_v1.4_116.asset
  artifactKey: Guid(b01f0d4a45cb49e4cb81bd01b53734e6) Importer(815301076,1909f56bfc062723c751e8b465ee728b)
Start importing Assets/tilemaps/0x72_DungeonTilesetII_v1.4_116.asset using Guid(b01f0d4a45cb49e4cb81bd01b53734e6) Importer(815301076,1909f56bfc062723c751e8b465ee728b)  -> (artifact id: 'b01ac5f8be97c258fc6f1d6a2f5813b8') in 0.016565 seconds 
  Import took 0.025787 seconds .

========================================================================
Received Import Request.
  Time since last request: 0.000148 seconds.
  path: Assets/tilemaps/0x72_DungeonTilesetII_v1.4_125.asset
  artifactKey: Guid(3ae7c3b6265e81d42aa6103b6225eacf) Importer(815301076,1909f56bfc062723c751e8b465ee728b)
Start importing Assets/tilemaps/0x72_DungeonTilesetII_v1.4_125.asset using Guid(3ae7c3b6265e81d42aa6103b6225eacf) Importer(815301076,1909f56bfc062723c751e8b465ee728b)  -> (artifact id: '68b40ce701789ac7edeeaf9ff80335a3') in 0.018069 seconds 
  Import took 0.025231 seconds .

========================================================================
Received Import Request.
  Time since last request: 0.000190 seconds.
  path: Assets/tilemaps/0x72_DungeonTilesetII_v1.4_27.asset
  artifactKey: Guid(3819cc0085bdbf045aa2bca843bc16d5) Importer(815301076,1909f56bfc062723c751e8b465ee728b)
Start importing Assets/tilemaps/0x72_DungeonTilesetII_v1.4_27.asset using Guid(3819cc0085bdbf045aa2bca843bc16d5) Importer(815301076,1909f56bfc062723c751e8b465ee728b)  -> (artifact id: '6fa4a1dfc3650c41c2c838acc3d38029') in 0.014914 seconds 
  Import took 0.024954 seconds .

========================================================================
Received Import Request.
  Time since last request: 0.000159 seconds.
  path: Assets/tilemaps/0x72_DungeonTilesetII_v1.4_81.asset
  artifactKey: Guid(b8ade966e21b7ec49bcca7a17fb623cc) Importer(815301076,1909f56bfc062723c751e8b465ee728b)
Start importing Assets/tilemaps/0x72_DungeonTilesetII_v1.4_81.asset using Guid(b8ade966e21b7ec49bcca7a17fb623cc) Importer(815301076,1909f56bfc062723c751e8b465ee728b)  -> (artifact id: 'c28d41d1a40d088130d6317a7bfe6113') in 0.017783 seconds 
  Import took 0.024788 seconds .

========================================================================
Received Import Request.
  Time since last request: 0.000285 seconds.
  path: Assets/tilemaps/0x72_DungeonTilesetII_v1.4_77.asset
  artifactKey: Guid(05df433686f7e5a409b37a44860d198d) Importer(815301076,1909f56bfc062723c751e8b465ee728b)
Start importing Assets/tilemaps/0x72_DungeonTilesetII_v1.4_77.asset using Guid(05df433686f7e5a409b37a44860d198d) Importer(815301076,1909f56bfc062723c751e8b465ee728b)  -> (artifact id: '00bcaec2118836b819f7a86e937fd2f0') in 0.015151 seconds 
  Import took 0.022851 seconds .

========================================================================
Received Import Request.
  Time since last request: 0.001434 seconds.
  path: Assets/tilemaps/0x72_DungeonTilesetII_v1.4_18.asset
  artifactKey: Guid(46fd6b2290f097842a352f7732211619) Importer(815301076,1909f56bfc062723c751e8b465ee728b)
Start importing Assets/tilemaps/0x72_DungeonTilesetII_v1.4_18.asset using Guid(46fd6b2290f097842a352f7732211619) Importer(815301076,1909f56bfc062723c751e8b465ee728b)  -> (artifact id: 'a195c94f92cd4847741f87c67f988c8b') in 0.022540 seconds 
  Import took 0.030511 seconds .

========================================================================
Received Import Request.
  Time since last request: 0.000214 seconds.
  path: Assets/tilemaps/0x72_DungeonTilesetII_v1.4_107.asset
  artifactKey: Guid(e9f703d25ed3fa449873e8eb74b700dc) Importer(815301076,1909f56bfc062723c751e8b465ee728b)
Start importing Assets/tilemaps/0x72_DungeonTilesetII_v1.4_107.asset using Guid(e9f703d25ed3fa449873e8eb74b700dc) Importer(815301076,1909f56bfc062723c751e8b465ee728b)  -> (artifact id: 'aabd302a97979d25eab8137f0a5cd4ee') in 0.019972 seconds 
  Import took 0.026880 seconds .

========================================================================
Received Import Request.
  Time since last request: 0.000202 seconds.
  path: Assets/tilemaps/0x72_DungeonTilesetII_v1.4_122.asset
  artifactKey: Guid(e2932671eb6f678418cf2e45325a1328) Importer(815301076,1909f56bfc062723c751e8b465ee728b)
Start importing Assets/tilemaps/0x72_DungeonTilesetII_v1.4_122.asset using Guid(e2932671eb6f678418cf2e45325a1328) Importer(815301076,1909f56bfc062723c751e8b465ee728b)  -> (artifact id: '791fde2ec7535920fb1e278ef7754823') in 0.013813 seconds 
  Import took 0.025279 seconds .

========================================================================
Received Import Request.
  Time since last request: 0.000295 seconds.
  path: Assets/tilemaps/0x72_DungeonTilesetII_v1.4_136.asset
  artifactKey: Guid(1be0e9ab290b43c4f88875c9c6fcb311) Importer(815301076,1909f56bfc062723c751e8b465ee728b)
Start importing Assets/tilemaps/0x72_DungeonTilesetII_v1.4_136.asset using Guid(1be0e9ab290b43c4f88875c9c6fcb311) Importer(815301076,1909f56bfc062723c751e8b465ee728b)  -> (artifact id: 'fc82f0f27f58ecd0d15f7d1b7542fdad') in 0.016655 seconds 
  Import took 0.023066 seconds .

========================================================================
Received Import Request.
  Time since last request: 0.000189 seconds.
  path: Assets/tilemaps/0x72_DungeonTilesetII_v1.4_124.asset
  artifactKey: Guid(d450c81945ee84143a4eff4f8e419b43) Importer(815301076,1909f56bfc062723c751e8b465ee728b)
Start importing Assets/tilemaps/0x72_DungeonTilesetII_v1.4_124.asset using Guid(d450c81945ee84143a4eff4f8e419b43) Importer(815301076,1909f56bfc062723c751e8b465ee728b)  -> (artifact id: '70700ed99a1ebfd70eead66fd3689e2a') in 0.014490 seconds 
  Import took 0.024500 seconds .

========================================================================
Received Import Request.
  Time since last request: 0.000168 seconds.
  path: Assets/tilemaps/0x72_DungeonTilesetII_v1.4_132.asset
  artifactKey: Guid(af0ecce6012c1cf4293ba5a2e5a125c8) Importer(815301076,1909f56bfc062723c751e8b465ee728b)
Start importing Assets/tilemaps/0x72_DungeonTilesetII_v1.4_132.asset using Guid(af0ecce6012c1cf4293ba5a2e5a125c8) Importer(815301076,1909f56bfc062723c751e8b465ee728b)  -> (artifact id: '2245e92823f9a8d6765bbc2ed68f6ab4') in 0.018026 seconds 
  Import took 0.024501 seconds .

========================================================================
Received Import Request.
  Time since last request: 0.000166 seconds.
  path: Assets/tilemaps/0x72_DungeonTilesetII_v1.4_115.asset
  artifactKey: Guid(57e760a06ba69ac478a60ab565e6a6a1) Importer(815301076,1909f56bfc062723c751e8b465ee728b)
Start importing Assets/tilemaps/0x72_DungeonTilesetII_v1.4_115.asset using Guid(57e760a06ba69ac478a60ab565e6a6a1) Importer(815301076,1909f56bfc062723c751e8b465ee728b)  -> (artifact id: 'c546c38c174b2231304bc2847651d28e') in 0.018690 seconds 
  Import took 0.026422 seconds .

========================================================================
Received Import Request.
  Time since last request: 0.000186 seconds.
  path: Assets/tilemaps/0x72_DungeonTilesetII_v1.4_135.asset
  artifactKey: Guid(5975b6c454f7b3b439df19f66fd3f056) Importer(815301076,1909f56bfc062723c751e8b465ee728b)
Start importing Assets/tilemaps/0x72_DungeonTilesetII_v1.4_135.asset using Guid(5975b6c454f7b3b439df19f66fd3f056) Importer(815301076,1909f56bfc062723c751e8b465ee728b)  -> (artifact id: '73fe0c5b1065df7a295a11b52598a1fb') in 0.017458 seconds 
  Import took 0.023769 seconds .

========================================================================
Received Import Request.
  Time since last request: 0.000169 seconds.
  path: Assets/tilemaps/0x72_DungeonTilesetII_v1.4_58.asset
  artifactKey: Guid(eafd185b5b977604fa90a09c2ec93283) Importer(815301076,1909f56bfc062723c751e8b465ee728b)
Start importing Assets/tilemaps/0x72_DungeonTilesetII_v1.4_58.asset using Guid(eafd185b5b977604fa90a09c2ec93283) Importer(815301076,1909f56bfc062723c751e8b465ee728b)  -> (artifact id: '4669a99b3dc7c440c644b6e6e87bd878') in 0.017104 seconds 
  Import took 0.025844 seconds .

========================================================================
Received Import Request.
  Time since last request: 0.000197 seconds.
  path: Assets/tilemaps/0x72_DungeonTilesetII_v1.4_62.asset
  artifactKey: Guid(6650a9683bee2a94c9cb80f63dc813e4) Importer(815301076,1909f56bfc062723c751e8b465ee728b)
Start importing Assets/tilemaps/0x72_DungeonTilesetII_v1.4_62.asset using Guid(6650a9683bee2a94c9cb80f63dc813e4) Importer(815301076,1909f56bfc062723c751e8b465ee728b)  -> (artifact id: '98336770f9918b507ab91cddef4aab8a') in 0.017744 seconds 
  Import took 0.024125 seconds .

========================================================================
Received Import Request.
  Time since last request: 0.000178 seconds.
  path: Assets/tilemaps/0x72_DungeonTilesetII_v1.4_130.asset
  artifactKey: Guid(213d9ed9f851ba549b955a06cdd065ef) Importer(815301076,1909f56bfc062723c751e8b465ee728b)
Start importing Assets/tilemaps/0x72_DungeonTilesetII_v1.4_130.asset using Guid(213d9ed9f851ba549b955a06cdd065ef) Importer(815301076,1909f56bfc062723c751e8b465ee728b)  -> (artifact id: '19521aa00fd228737833d904442a3a7b') in 0.013220 seconds 
  Import took 0.024387 seconds .

========================================================================
Received Import Request.
  Time since last request: 0.000168 seconds.
  path: Assets/tilemaps/0x72_DungeonTilesetII_v1.4_12.asset
  artifactKey: Guid(d385a55cdf2856d499fed4334dad326b) Importer(815301076,1909f56bfc062723c751e8b465ee728b)
Start importing Assets/tilemaps/0x72_DungeonTilesetII_v1.4_12.asset using Guid(d385a55cdf2856d499fed4334dad326b) Importer(815301076,1909f56bfc062723c751e8b465ee728b)  -> (artifact id: 'd14dd6bc2d12bd1b7da8c7a0b67be827') in 0.020675 seconds 
  Import took 0.028231 seconds .

========================================================================
Received Import Request.
  Time since last request: 0.000186 seconds.
  path: Assets/tilemaps/0x72_DungeonTilesetII_v1.4_31.asset
  artifactKey: Guid(0b3f8085a98846b4aa1a3344c021ad7f) Importer(815301076,1909f56bfc062723c751e8b465ee728b)
Start importing Assets/tilemaps/0x72_DungeonTilesetII_v1.4_31.asset using Guid(0b3f8085a98846b4aa1a3344c021ad7f) Importer(815301076,1909f56bfc062723c751e8b465ee728b)  -> (artifact id: 'f81c950823702f6c9177d904383038c7') in 0.018176 seconds 
  Import took 0.025959 seconds .

========================================================================
Received Import Request.
  Time since last request: 0.000253 seconds.
  path: Assets/tilemaps/0x72_DungeonTilesetII_v1.4_32.asset
  artifactKey: Guid(1c92e40f9111e4a449f0a36afcfc8d06) Importer(815301076,1909f56bfc062723c751e8b465ee728b)
Start importing Assets/tilemaps/0x72_DungeonTilesetII_v1.4_32.asset using Guid(1c92e40f9111e4a449f0a36afcfc8d06) Importer(815301076,1909f56bfc062723c751e8b465ee728b)  -> (artifact id: '9ee3780dfa09869faed3c4e1699ccbef') in 0.016289 seconds 
  Import took 0.026287 seconds .

========================================================================
Received Import Request.
  Time since last request: 0.000218 seconds.
  path: Assets/tilemaps/0x72_DungeonTilesetII_v1.4_121.asset
  artifactKey: Guid(2dcc6d04151d7d5499f62d6923297c39) Importer(815301076,1909f56bfc062723c751e8b465ee728b)
Start importing Assets/tilemaps/0x72_DungeonTilesetII_v1.4_121.asset using Guid(2dcc6d04151d7d5499f62d6923297c39) Importer(815301076,1909f56bfc062723c751e8b465ee728b)  -> (artifact id: '89e9aafa5b1061e26afa998583557035') in 0.017519 seconds 
  Import took 0.024250 seconds .

========================================================================
Received Import Request.
  Time since last request: 0.000194 seconds.
  path: Assets/tilemaps/0x72_DungeonTilesetII_v1.4_110.asset
  artifactKey: Guid(47b3557f1ad52ad4ba73554ed1416548) Importer(815301076,1909f56bfc062723c751e8b465ee728b)
Start importing Assets/tilemaps/0x72_DungeonTilesetII_v1.4_110.asset using Guid(47b3557f1ad52ad4ba73554ed1416548) Importer(815301076,1909f56bfc062723c751e8b465ee728b)  -> (artifact id: 'f576f049d82fe726554392ce564381cf') in 0.015033 seconds 
  Import took 0.024758 seconds .

========================================================================
Received Import Request.
  Time since last request: 0.001682 seconds.
  path: Assets/tilemaps/0x72_DungeonTilesetII_v1.4_17.asset
  artifactKey: Guid(7bc5429ebf09c4c47b36db4ee1561af1) Importer(815301076,1909f56bfc062723c751e8b465ee728b)
Start importing Assets/tilemaps/0x72_DungeonTilesetII_v1.4_17.asset using Guid(7bc5429ebf09c4c47b36db4ee1561af1) Importer(815301076,1909f56bfc062723c751e8b465ee728b)  -> (artifact id: 'f083d1bab1bb020eba961ca613600b68') in 0.023102 seconds 
  Import took 0.031063 seconds .

========================================================================
Received Import Request.
  Time since last request: 0.000276 seconds.
  path: Assets/tilemaps/0x72_DungeonTilesetII_v1.4_69.asset
  artifactKey: Guid(e548ec6e48f07fd4a86373dbf283770e) Importer(815301076,1909f56bfc062723c751e8b465ee728b)
Start importing Assets/tilemaps/0x72_DungeonTilesetII_v1.4_69.asset using Guid(e548ec6e48f07fd4a86373dbf283770e) Importer(815301076,1909f56bfc062723c751e8b465ee728b)  -> (artifact id: 'fbc07ffd7603c465da6f1d4a1df4b89f') in 0.022940 seconds 
  Import took 0.030288 seconds .

========================================================================
Received Import Request.
  Time since last request: 0.000369 seconds.
  path: Assets/tilemaps/0x72_DungeonTilesetII_v1.4_68.asset
  artifactKey: Guid(c08243151ad7f5f45a77f0d71b399448) Importer(815301076,1909f56bfc062723c751e8b465ee728b)
Start importing Assets/tilemaps/0x72_DungeonTilesetII_v1.4_68.asset using Guid(c08243151ad7f5f45a77f0d71b399448) Importer(815301076,1909f56bfc062723c751e8b465ee728b)  -> (artifact id: '6ed4bc2443b30194a334ea0ad7af7979') in 0.016769 seconds 
  Import took 0.024381 seconds .

========================================================================
Received Import Request.
  Time since last request: 0.000159 seconds.
  path: Assets/tilemaps/0x72_DungeonTilesetII_v1.4_60.asset
  artifactKey: Guid(ff2022a233a2e2342b042f8aa297ead1) Importer(815301076,1909f56bfc062723c751e8b465ee728b)
Start importing Assets/tilemaps/0x72_DungeonTilesetII_v1.4_60.asset using Guid(ff2022a233a2e2342b042f8aa297ead1) Importer(815301076,1909f56bfc062723c751e8b465ee728b)  -> (artifact id: '8c8c1337f1a138af24d70c05c7c6803b') in 0.016834 seconds 
  Import took 0.023753 seconds .

========================================================================
Received Import Request.
  Time since last request: 0.000697 seconds.
  path: Assets/tilemaps/0x72_DungeonTilesetII_v1.4_123.asset
  artifactKey: Guid(4df07ae5a7b2a734692682685aea2fd2) Importer(815301076,1909f56bfc062723c751e8b465ee728b)
Start importing Assets/tilemaps/0x72_DungeonTilesetII_v1.4_123.asset using Guid(4df07ae5a7b2a734692682685aea2fd2) Importer(815301076,1909f56bfc062723c751e8b465ee728b)  -> (artifact id: '0a2d3e7b6bf332e6c0b9e022f0052c37') in 0.017215 seconds 
  Import took 0.027479 seconds .

========================================================================
Received Import Request.
  Time since last request: 0.000338 seconds.
  path: Assets/tilemaps/0x72_DungeonTilesetII_v1.4_82.asset
  artifactKey: Guid(e21dbc8efb04398499077c37fe9563a8) Importer(815301076,1909f56bfc062723c751e8b465ee728b)
Start importing Assets/tilemaps/0x72_DungeonTilesetII_v1.4_82.asset using Guid(e21dbc8efb04398499077c37fe9563a8) Importer(815301076,1909f56bfc062723c751e8b465ee728b)  -> (artifact id: '8a3e72ae2b3bf9f9a10b6fcd33acf16a') in 0.017083 seconds 
  Import took 0.026895 seconds .

========================================================================
Received Import Request.
  Time since last request: 0.000535 seconds.
  path: Assets/tilemaps/0x72_DungeonTilesetII_v1.4_76.asset
  artifactKey: Guid(77a131c4f3751f94da485c13237eee48) Importer(815301076,1909f56bfc062723c751e8b465ee728b)
Start importing Assets/tilemaps/0x72_DungeonTilesetII_v1.4_76.asset using Guid(77a131c4f3751f94da485c13237eee48) Importer(815301076,1909f56bfc062723c751e8b465ee728b)  -> (artifact id: '295400227b1032c117a68e04da6e34a4') in 0.015730 seconds 
  Import took 0.021823 seconds .

========================================================================
Received Import Request.
  Time since last request: 0.000195 seconds.
  path: Assets/tilemaps/0x72_DungeonTilesetII_v1.4_16.asset
  artifactKey: Guid(83115e0059a69024e8cf3023002425ae) Importer(815301076,1909f56bfc062723c751e8b465ee728b)
Start importing Assets/tilemaps/0x72_DungeonTilesetII_v1.4_16.asset using Guid(83115e0059a69024e8cf3023002425ae) Importer(815301076,1909f56bfc062723c751e8b465ee728b)  -> (artifact id: 'f5f5f60af66def14d6f0b56fa6759daa') in 0.015611 seconds 
  Import took 0.026859 seconds .

========================================================================
Received Import Request.
  Time since last request: 0.000342 seconds.
  path: Assets/tilemaps/0x72_DungeonTilesetII_v1.4_65.asset
  artifactKey: Guid(24ebdb3c6e9f2dc47a0a52e9b194fc86) Importer(815301076,1909f56bfc062723c751e8b465ee728b)
Start importing Assets/tilemaps/0x72_DungeonTilesetII_v1.4_65.asset using Guid(24ebdb3c6e9f2dc47a0a52e9b194fc86) Importer(815301076,1909f56bfc062723c751e8b465ee728b)  -> (artifact id: '69b3a183bd1e366184f99083bc77eb16') in 0.018127 seconds 
  Import took 0.027252 seconds .

========================================================================
Received Import Request.
  Time since last request: 0.000186 seconds.
  path: Assets/tilemaps/0x72_DungeonTilesetII_v1.4_23.asset
  artifactKey: Guid(6db22794b99df064d9168116ad381c2f) Importer(815301076,1909f56bfc062723c751e8b465ee728b)
Start importing Assets/tilemaps/0x72_DungeonTilesetII_v1.4_23.asset using Guid(6db22794b99df064d9168116ad381c2f) Importer(815301076,1909f56bfc062723c751e8b465ee728b)  -> (artifact id: '6a292906f44253fbefa8092dba4c9df5') in 0.015394 seconds 
  Import took 0.024117 seconds .

========================================================================
Received Import Request.
  Time since last request: 0.000175 seconds.
  path: Assets/tilemaps/0x72_DungeonTilesetII_v1.4_112.asset
  artifactKey: Guid(bdab01dcb1aa4ff45bc2824de5a76420) Importer(815301076,1909f56bfc062723c751e8b465ee728b)
Start importing Assets/tilemaps/0x72_DungeonTilesetII_v1.4_112.asset using Guid(bdab01dcb1aa4ff45bc2824de5a76420) Importer(815301076,1909f56bfc062723c751e8b465ee728b)  -> (artifact id: '38b7d086cf06cbef342d4aaa7e5ca5fe') in 0.018066 seconds 
  Import took 0.026282 seconds .

========================================================================
Received Import Request.
  Time since last request: 0.000183 seconds.
  path: Assets/tilemaps/0x72_DungeonTilesetII_v1.4_22.asset
  artifactKey: Guid(dd1ed8f9912b0e8469c1f06463bd404f) Importer(815301076,1909f56bfc062723c751e8b465ee728b)
Start importing Assets/tilemaps/0x72_DungeonTilesetII_v1.4_22.asset using Guid(dd1ed8f9912b0e8469c1f06463bd404f) Importer(815301076,1909f56bfc062723c751e8b465ee728b)  -> (artifact id: 'f5f3bc4ba9c5e1b08ed563ae2e1d92ec') in 0.023332 seconds 
  Import took 0.033463 seconds .

========================================================================
Received Import Request.
  Time since last request: 0.000226 seconds.
  path: Assets/tilemaps/0x72_DungeonTilesetII_v1.4_6.asset
  artifactKey: Guid(aa813990b86fe404baa7652922cdb6ad) Importer(815301076,1909f56bfc062723c751e8b465ee728b)
Start importing Assets/tilemaps/0x72_DungeonTilesetII_v1.4_6.asset using Guid(aa813990b86fe404baa7652922cdb6ad) Importer(815301076,1909f56bfc062723c751e8b465ee728b)  -> (artifact id: '6cbf799a9937a6bbe217d028268450be') in 0.017028 seconds 
  Import took 0.024049 seconds .

========================================================================
Received Import Request.
  Time since last request: 0.000166 seconds.
  path: Assets/tilemaps/0x72_DungeonTilesetII_v1.4_46.asset
  artifactKey: Guid(f8059985814512945bf1e41c86277c22) Importer(815301076,1909f56bfc062723c751e8b465ee728b)
Start importing Assets/tilemaps/0x72_DungeonTilesetII_v1.4_46.asset using Guid(f8059985814512945bf1e41c86277c22) Importer(815301076,1909f56bfc062723c751e8b465ee728b)  -> (artifact id: 'daee18d74dca65689a31fd87915c9786') in 0.017138 seconds 
  Import took 0.025253 seconds .

========================================================================
Received Import Request.
  Time since last request: 0.000207 seconds.
  path: Assets/tilemaps/0x72_DungeonTilesetII_v1.4_78.asset
  artifactKey: Guid(584c8e2af50ff014ba4ecacc0c59e4ac) Importer(815301076,1909f56bfc062723c751e8b465ee728b)
Start importing Assets/tilemaps/0x72_DungeonTilesetII_v1.4_78.asset using Guid(584c8e2af50ff014ba4ecacc0c59e4ac) Importer(815301076,1909f56bfc062723c751e8b465ee728b)  -> (artifact id: '22f58c5de9faacfac7f354fe1c9649cb') in 0.017531 seconds 
  Import took 0.026275 seconds .

========================================================================
Received Import Request.
  Time since last request: 0.000331 seconds.
  path: Assets/tilemaps/0x72_DungeonTilesetII_v1.4_59.asset
  artifactKey: Guid(e5994cf90a1e327499c8fe0fd77bb925) Importer(815301076,1909f56bfc062723c751e8b465ee728b)
Start importing Assets/tilemaps/0x72_DungeonTilesetII_v1.4_59.asset using Guid(e5994cf90a1e327499c8fe0fd77bb925) Importer(815301076,1909f56bfc062723c751e8b465ee728b)  -> (artifact id: '973bbb0877c15915724a6be117641c58') in 0.018044 seconds 
  Import took 0.025898 seconds .

========================================================================
Received Import Request.
  Time since last request: 0.000934 seconds.
  path: Assets/tilemaps/0x72_DungeonTilesetII_v1.4_79.asset
  artifactKey: Guid(957269ddb9e3e1541bb64948c3b390ed) Importer(815301076,1909f56bfc062723c751e8b465ee728b)
Start importing Assets/tilemaps/0x72_DungeonTilesetII_v1.4_79.asset using Guid(957269ddb9e3e1541bb64948c3b390ed) Importer(815301076,1909f56bfc062723c751e8b465ee728b)  -> (artifact id: '816818dec50278ae99d3a6797330e7a7') in 0.018386 seconds 
  Import took 0.024955 seconds .

========================================================================
Received Import Request.
  Time since last request: 0.000223 seconds.
  path: Assets/tilemaps/0x72_DungeonTilesetII_v1.4_49.asset
  artifactKey: Guid(e41ed32dee5f01a4691ca30331abff58) Importer(815301076,1909f56bfc062723c751e8b465ee728b)
Start importing Assets/tilemaps/0x72_DungeonTilesetII_v1.4_49.asset using Guid(e41ed32dee5f01a4691ca30331abff58) Importer(815301076,1909f56bfc062723c751e8b465ee728b)  -> (artifact id: '57d3abc9b8023328af7e9fbf99c95345') in 0.015245 seconds 
  Import took 0.027354 seconds .

========================================================================
Received Import Request.
  Time since last request: 0.000220 seconds.
  path: Assets/tilemaps/0x72_DungeonTilesetII_v1.4_43.asset
  artifactKey: Guid(3fea1e101568a6c49ab2b9111bad084f) Importer(815301076,1909f56bfc062723c751e8b465ee728b)
Start importing Assets/tilemaps/0x72_DungeonTilesetII_v1.4_43.asset using Guid(3fea1e101568a6c49ab2b9111bad084f) Importer(815301076,1909f56bfc062723c751e8b465ee728b)  -> (artifact id: '363c193bb8c86cd8c8cec903307c5f78') in 0.017322 seconds 
  Import took 0.024185 seconds .

========================================================================
Received Import Request.
  Time since last request: 0.000174 seconds.
  path: Assets/tilemaps/0x72_DungeonTilesetII_v1.4_51.asset
  artifactKey: Guid(976125718e2497f4ebdbc19f95398223) Importer(815301076,1909f56bfc062723c751e8b465ee728b)
Start importing Assets/tilemaps/0x72_DungeonTilesetII_v1.4_51.asset using Guid(976125718e2497f4ebdbc19f95398223) Importer(815301076,1909f56bfc062723c751e8b465ee728b)  -> (artifact id: 'c6a4b7f4d38ccd09599611d7101c1868') in 0.013405 seconds 
  Import took 0.022948 seconds .

========================================================================
Received Import Request.
  Time since last request: 0.000160 seconds.
  path: Assets/tilemaps/0x72_DungeonTilesetII_v1.4_57.asset
  artifactKey: Guid(21311073b80da06438d1b260fddfbed2) Importer(815301076,1909f56bfc062723c751e8b465ee728b)
Start importing Assets/tilemaps/0x72_DungeonTilesetII_v1.4_57.asset using Guid(21311073b80da06438d1b260fddfbed2) Importer(815301076,1909f56bfc062723c751e8b465ee728b)  -> (artifact id: '65fb74653e5d567438d2745056886025') in 0.017364 seconds 
  Import took 0.025626 seconds .

========================================================================
Received Import Request.
  Time since last request: 0.000167 seconds.
  path: Assets/tilemaps/0x72_DungeonTilesetII_v1.4_129.asset
  artifactKey: Guid(a021e869498354c41908e44cc2fb51fe) Importer(815301076,1909f56bfc062723c751e8b465ee728b)
Start importing Assets/tilemaps/0x72_DungeonTilesetII_v1.4_129.asset using Guid(a021e869498354c41908e44cc2fb51fe) Importer(815301076,1909f56bfc062723c751e8b465ee728b)  -> (artifact id: '774a790cc64987eb6816d199114ca2bd') in 0.020415 seconds 
  Import took 0.030340 seconds .

========================================================================
Received Import Request.
  Time since last request: 0.000650 seconds.
  path: Assets/tilemaps/0x72_DungeonTilesetII_v1.4_42.asset
  artifactKey: Guid(2c0598aa5715ab64c928334f63ebfd2e) Importer(815301076,1909f56bfc062723c751e8b465ee728b)
Start importing Assets/tilemaps/0x72_DungeonTilesetII_v1.4_42.asset using Guid(2c0598aa5715ab64c928334f63ebfd2e) Importer(815301076,1909f56bfc062723c751e8b465ee728b)  -> (artifact id: 'b58849f251ab6cf103146c651c4e0c36') in 0.017951 seconds 
  Import took 0.025577 seconds .

========================================================================
Received Import Request.
  Time since last request: 0.000346 seconds.
  path: Assets/tilemaps/0x72_DungeonTilesetII_v1.4_103.asset
  artifactKey: Guid(db39c50a359895a4995071f13ff96d1f) Importer(815301076,1909f56bfc062723c751e8b465ee728b)
Start importing Assets/tilemaps/0x72_DungeonTilesetII_v1.4_103.asset using Guid(db39c50a359895a4995071f13ff96d1f) Importer(815301076,1909f56bfc062723c751e8b465ee728b)  -> (artifact id: '5af38c51501f2ddd3208b26347b08414') in 0.022048 seconds 
  Import took 0.032043 seconds .

========================================================================
Received Import Request.
  Time since last request: 0.000221 seconds.
  path: Assets/tilemaps/0x72_DungeonTilesetII_v1.4_28.asset
  artifactKey: Guid(3c06d5fbf06c19d44831b44c0256cefe) Importer(815301076,1909f56bfc062723c751e8b465ee728b)
Start importing Assets/tilemaps/0x72_DungeonTilesetII_v1.4_28.asset using Guid(3c06d5fbf06c19d44831b44c0256cefe) Importer(815301076,1909f56bfc062723c751e8b465ee728b)  -> (artifact id: '727c6d20677333a07eec62731777d3a2') in 0.017870 seconds 
  Import took 0.024566 seconds .

========================================================================
Received Import Request.
  Time since last request: 0.000158 seconds.
  path: Assets/tilemaps/0x72_DungeonTilesetII_v1.4_74.asset
  artifactKey: Guid(fcb917b4479aa1042b44a8167b4ae008) Importer(815301076,1909f56bfc062723c751e8b465ee728b)
Start importing Assets/tilemaps/0x72_DungeonTilesetII_v1.4_74.asset using Guid(fcb917b4479aa1042b44a8167b4ae008) Importer(815301076,1909f56bfc062723c751e8b465ee728b)  -> (artifact id: 'dfc91d01b6c2502be5e856c22a5b0ded') in 0.014878 seconds 
  Import took 0.024266 seconds .

========================================================================
Received Import Request.
  Time since last request: 0.000187 seconds.
  path: Assets/tilemaps/0x72_DungeonTilesetII_v1.4_89.asset
  artifactKey: Guid(52ca9975de63146478a383e48b60efcd) Importer(815301076,1909f56bfc062723c751e8b465ee728b)
Start importing Assets/tilemaps/0x72_DungeonTilesetII_v1.4_89.asset using Guid(52ca9975de63146478a383e48b60efcd) Importer(815301076,1909f56bfc062723c751e8b465ee728b)  -> (artifact id: '9fa38e6c062114c2457990ef25757e33') in 0.020012 seconds 
  Import took 0.026902 seconds .

========================================================================
Received Import Request.
  Time since last request: 0.000199 seconds.
  path: Assets/tilemaps/0x72_DungeonTilesetII_v1.4_10.asset
  artifactKey: Guid(95e268261f8201a4cb43d1313cd4bac9) Importer(815301076,1909f56bfc062723c751e8b465ee728b)
Start importing Assets/tilemaps/0x72_DungeonTilesetII_v1.4_10.asset using Guid(95e268261f8201a4cb43d1313cd4bac9) Importer(815301076,1909f56bfc062723c751e8b465ee728b)  -> (artifact id: 'aa0ea0034b1a4d3d96b63d7f49ea107d') in 0.017657 seconds 
  Import took 0.024625 seconds .

========================================================================
Received Import Request.
  Time since last request: 0.000173 seconds.
  path: Assets/tilemaps/0x72_DungeonTilesetII_v1.4_106.asset
  artifactKey: Guid(11e4ba759d975d14fbc1ad3f14a56026) Importer(815301076,1909f56bfc062723c751e8b465ee728b)
Start importing Assets/tilemaps/0x72_DungeonTilesetII_v1.4_106.asset using Guid(11e4ba759d975d14fbc1ad3f14a56026) Importer(815301076,1909f56bfc062723c751e8b465ee728b)  -> (artifact id: '6f8a08f4bc48d0882d5d8762452c200c') in 0.020112 seconds 
  Import took 0.026025 seconds .

========================================================================
Received Import Request.
  Time since last request: 0.000254 seconds.
  path: Assets/tilemaps/0x72_DungeonTilesetII_v1.4_13.asset
  artifactKey: Guid(472f22739ec1f444fba9fccf6d330747) Importer(815301076,1909f56bfc062723c751e8b465ee728b)
Start importing Assets/tilemaps/0x72_DungeonTilesetII_v1.4_13.asset using Guid(472f22739ec1f444fba9fccf6d330747) Importer(815301076,1909f56bfc062723c751e8b465ee728b)  -> (artifact id: '75de2ac6d868304e85ac5f9470607bed') in 0.016266 seconds 
  Import took 0.025653 seconds .

========================================================================
Received Import Request.
  Time since last request: 0.000158 seconds.
  path: Assets/tilemaps/0x72_DungeonTilesetII_v1.4_38.asset
  artifactKey: Guid(fe40df62173b12c42a89c420ea689d98) Importer(815301076,1909f56bfc062723c751e8b465ee728b)
Start importing Assets/tilemaps/0x72_DungeonTilesetII_v1.4_38.asset using Guid(fe40df62173b12c42a89c420ea689d98) Importer(815301076,1909f56bfc062723c751e8b465ee728b)  -> (artifact id: '8d3dfeece8cc58ef87a3e65073dcbf53') in 0.015633 seconds 
  Import took 0.024089 seconds .

========================================================================
Received Import Request.
  Time since last request: 0.000406 seconds.
  path: Assets/tilemaps/0x72_DungeonTilesetII_v1.4_61.asset
  artifactKey: Guid(4370e67c29545ab42b1c76fec7b2ec79) Importer(815301076,1909f56bfc062723c751e8b465ee728b)
Start importing Assets/tilemaps/0x72_DungeonTilesetII_v1.4_61.asset using Guid(4370e67c29545ab42b1c76fec7b2ec79) Importer(815301076,1909f56bfc062723c751e8b465ee728b)  -> (artifact id: 'ccf208489c4b11494f27a7cd9b1db66a') in 0.017022 seconds 
  Import took 0.023245 seconds .

========================================================================
Received Import Request.
  Time since last request: 0.000143 seconds.
  path: Assets/tilemaps/0x72_DungeonTilesetII_v1.4_48.asset
  artifactKey: Guid(1675641735c8e0749af5329260e89394) Importer(815301076,1909f56bfc062723c751e8b465ee728b)
Start importing Assets/tilemaps/0x72_DungeonTilesetII_v1.4_48.asset using Guid(1675641735c8e0749af5329260e89394) Importer(815301076,1909f56bfc062723c751e8b465ee728b)  -> (artifact id: 'c9b49e55f6ce5a2936521c7dd8ed1f0b') in 0.016639 seconds 
  Import took 0.023172 seconds .

========================================================================
Received Import Request.
  Time since last request: 0.000216 seconds.
  path: Assets/tilemaps/0x72_DungeonTilesetII_v1.4_131.asset
  artifactKey: Guid(b880ab57ace5bc54b8c4500a0d7b5020) Importer(815301076,1909f56bfc062723c751e8b465ee728b)
Start importing Assets/tilemaps/0x72_DungeonTilesetII_v1.4_131.asset using Guid(b880ab57ace5bc54b8c4500a0d7b5020) Importer(815301076,1909f56bfc062723c751e8b465ee728b)  -> (artifact id: '26670d734424134a4e48c554bb49f95b') in 0.018293 seconds 
  Import took 0.029409 seconds .

========================================================================
Received Import Request.
  Time since last request: 0.000339 seconds.
  path: Assets/tilemaps/0x72_DungeonTilesetII_v1.4_39.asset
  artifactKey: Guid(1d1c36d0ec5ddfd45ab9b37df335992b) Importer(815301076,1909f56bfc062723c751e8b465ee728b)
Start importing Assets/tilemaps/0x72_DungeonTilesetII_v1.4_39.asset using Guid(1d1c36d0ec5ddfd45ab9b37df335992b) Importer(815301076,1909f56bfc062723c751e8b465ee728b)  -> (artifact id: 'b2a16118fb75aff6e5afb94a9b06bb43') in 0.022297 seconds 
  Import took 0.035588 seconds .

========================================================================
Received Import Request.
  Time since last request: 0.000448 seconds.
  path: Assets/tilemaps/0x72_DungeonTilesetII_v1.4_4.asset
  artifactKey: Guid(0af8d6f644026ba4ba3475ff48ccfc82) Importer(815301076,1909f56bfc062723c751e8b465ee728b)
Start importing Assets/tilemaps/0x72_DungeonTilesetII_v1.4_4.asset using Guid(0af8d6f644026ba4ba3475ff48ccfc82) Importer(815301076,1909f56bfc062723c751e8b465ee728b)  -> (artifact id: '9ed960e17a47cbd955b6a204719705b8') in 0.027213 seconds 
  Import took 0.048516 seconds .

========================================================================
Received Import Request.
  Time since last request: 0.000286 seconds.
  path: Assets/tilemaps/0x72_DungeonTilesetII_v1.4_73.asset
  artifactKey: Guid(22897480c0c1f4546a099cf7fcb19e3c) Importer(815301076,1909f56bfc062723c751e8b465ee728b)
Start importing Assets/tilemaps/0x72_DungeonTilesetII_v1.4_73.asset using Guid(22897480c0c1f4546a099cf7fcb19e3c) Importer(815301076,1909f56bfc062723c751e8b465ee728b)  -> (artifact id: 'f8ef977b6311c179e846c4a52f59ff8c') in 0.020529 seconds 
  Import took 0.031706 seconds .

========================================================================
Received Import Request.
  Time since last request: 0.000161 seconds.
  path: Assets/tilemaps/0x72_DungeonTilesetII_v1.4_119.asset
  artifactKey: Guid(4bdbe2fd82befbd44a3b7aec24aec747) Importer(815301076,1909f56bfc062723c751e8b465ee728b)
Start importing Assets/tilemaps/0x72_DungeonTilesetII_v1.4_119.asset using Guid(4bdbe2fd82befbd44a3b7aec24aec747) Importer(815301076,1909f56bfc062723c751e8b465ee728b)  -> (artifact id: 'f4753c1ffd8a6c0e2ddd61bf7a10aec8') in 0.017101 seconds 
  Import took 0.023772 seconds .

========================================================================
Received Import Request.
  Time since last request: 0.000355 seconds.
  path: Assets/tilemaps/0x72_DungeonTilesetII_v1.4_84.asset
  artifactKey: Guid(53743cd8fd7a69a4fbf5ba7abe3b3f11) Importer(815301076,1909f56bfc062723c751e8b465ee728b)
Start importing Assets/tilemaps/0x72_DungeonTilesetII_v1.4_84.asset using Guid(53743cd8fd7a69a4fbf5ba7abe3b3f11) Importer(815301076,1909f56bfc062723c751e8b465ee728b)  -> (artifact id: 'd14e177f8c2d41ef44f1b7a21f0aa9ea') in 0.016890 seconds 
  Import took 0.024117 seconds .

========================================================================
Received Import Request.
  Time since last request: 0.000177 seconds.
  path: Assets/tilemaps/0x72_DungeonTilesetII_v1.4_96.asset
  artifactKey: Guid(d88a1ed9673541248bfdb3f73699af34) Importer(815301076,1909f56bfc062723c751e8b465ee728b)
Start importing Assets/tilemaps/0x72_DungeonTilesetII_v1.4_96.asset using Guid(d88a1ed9673541248bfdb3f73699af34) Importer(815301076,1909f56bfc062723c751e8b465ee728b)  -> (artifact id: '87c281be9c99366bdf52073ba5f5a45c') in 0.015923 seconds 
  Import took 0.023337 seconds .

========================================================================
Received Import Request.
  Time since last request: 0.000200 seconds.
  path: Assets/tilemaps/0x72_DungeonTilesetII_v1.4_91.asset
  artifactKey: Guid(a09b458454d9d0c4b9634c3ff257fb8c) Importer(815301076,1909f56bfc062723c751e8b465ee728b)
Start importing Assets/tilemaps/0x72_DungeonTilesetII_v1.4_91.asset using Guid(a09b458454d9d0c4b9634c3ff257fb8c) Importer(815301076,1909f56bfc062723c751e8b465ee728b)  -> (artifact id: 'bab0d99e0b6a4eb7fe7fd4a890ec4106') in 0.022358 seconds 
  Import took 0.030425 seconds .

========================================================================
Received Import Request.
  Time since last request: 0.000208 seconds.
  path: Assets/tilemaps/0x72_DungeonTilesetII_v1.4_63.asset
  artifactKey: Guid(c8d276abc0654a545a080a6aab51d0ca) Importer(815301076,1909f56bfc062723c751e8b465ee728b)
Start importing Assets/tilemaps/0x72_DungeonTilesetII_v1.4_63.asset using Guid(c8d276abc0654a545a080a6aab51d0ca) Importer(815301076,1909f56bfc062723c751e8b465ee728b)  -> (artifact id: '856b63a285994c3291b6fbce8a7d44d4') in 0.021661 seconds 
  Import took 0.031581 seconds .

========================================================================
Received Import Request.
  Time since last request: 0.000233 seconds.
  path: Assets/tilemaps/0x72_DungeonTilesetII_v1.4_71.asset
  artifactKey: Guid(433cef1b18b72ec41afc157ec297bf95) Importer(815301076,1909f56bfc062723c751e8b465ee728b)
Start importing Assets/tilemaps/0x72_DungeonTilesetII_v1.4_71.asset using Guid(433cef1b18b72ec41afc157ec297bf95) Importer(815301076,1909f56bfc062723c751e8b465ee728b)  -> (artifact id: 'bbf215ae2a76a02a2bfa79f37fed7af0') in 0.018750 seconds 
  Import took 0.028523 seconds .

========================================================================
Received Import Request.
  Time since last request: 0.000181 seconds.
  path: Assets/tilemaps/0x72_DungeonTilesetII_v1.4_95.asset
  artifactKey: Guid(5d6e6ce91aa95ae4a8468b03de8053b9) Importer(815301076,1909f56bfc062723c751e8b465ee728b)
Start importing Assets/tilemaps/0x72_DungeonTilesetII_v1.4_95.asset using Guid(5d6e6ce91aa95ae4a8468b03de8053b9) Importer(815301076,1909f56bfc062723c751e8b465ee728b)  -> (artifact id: '0c967fec1876d4f2b99296b8ce8c3a69') in 0.015205 seconds 
  Import took 0.022420 seconds .

========================================================================
Received Import Request.
  Time since last request: 0.000193 seconds.
  path: Assets/tilemaps/0x72_DungeonTilesetII_v1.4_19.asset
  artifactKey: Guid(d176e8faf5aceea49b2131dc5b7dcda0) Importer(815301076,1909f56bfc062723c751e8b465ee728b)
Start importing Assets/tilemaps/0x72_DungeonTilesetII_v1.4_19.asset using Guid(d176e8faf5aceea49b2131dc5b7dcda0) Importer(815301076,1909f56bfc062723c751e8b465ee728b)  -> (artifact id: 'ff11ef32b2d2e047dbaf0084a8483397') in 0.016284 seconds 
  Import took 0.024934 seconds .

========================================================================
Received Import Request.
  Time since last request: 0.000219 seconds.
  path: Assets/tilemaps/0x72_DungeonTilesetII_v1.4_24.asset
  artifactKey: Guid(87c102947e231044ab6e8f31021ff05b) Importer(815301076,1909f56bfc062723c751e8b465ee728b)
Start importing Assets/tilemaps/0x72_DungeonTilesetII_v1.4_24.asset using Guid(87c102947e231044ab6e8f31021ff05b) Importer(815301076,1909f56bfc062723c751e8b465ee728b)  -> (artifact id: '4d1b5c2c6ca34cb5a516635dce565b16') in 0.015366 seconds 
  Import took 0.024178 seconds .

========================================================================
Received Import Request.
  Time since last request: 0.000520 seconds.
  path: Assets/tilemaps/0x72_DungeonTilesetII_v1.4_100.asset
  artifactKey: Guid(b4ba33dc2b0744849b24c29918555fdf) Importer(815301076,1909f56bfc062723c751e8b465ee728b)
Start importing Assets/tilemaps/0x72_DungeonTilesetII_v1.4_100.asset using Guid(b4ba33dc2b0744849b24c29918555fdf) Importer(815301076,1909f56bfc062723c751e8b465ee728b)  -> (artifact id: '9bbcd5232ddcd2e9263a49b9504f40d8') in 0.017892 seconds 
  Import took 0.025422 seconds .

========================================================================
Received Import Request.
  Time since last request: 0.000230 seconds.
  path: Assets/tilemaps/0x72_DungeonTilesetII_v1.4_8.asset
  artifactKey: Guid(f5c1db7fb23741d498b85d0b4ae34545) Importer(815301076,1909f56bfc062723c751e8b465ee728b)
Start importing Assets/tilemaps/0x72_DungeonTilesetII_v1.4_8.asset using Guid(f5c1db7fb23741d498b85d0b4ae34545) Importer(815301076,1909f56bfc062723c751e8b465ee728b)  -> (artifact id: '3e39d7e503b6a005f90957fcef1719e1') in 0.016283 seconds 
  Import took 0.025800 seconds .

========================================================================
Received Import Request.
  Time since last request: 0.000188 seconds.
  path: Assets/tilemaps/0x72_DungeonTilesetII_v1.4_29.asset
  artifactKey: Guid(7bdb1cfa817923344a88f76006c5c7fe) Importer(815301076,1909f56bfc062723c751e8b465ee728b)
Start importing Assets/tilemaps/0x72_DungeonTilesetII_v1.4_29.asset using Guid(7bdb1cfa817923344a88f76006c5c7fe) Importer(815301076,1909f56bfc062723c751e8b465ee728b)  -> (artifact id: '951544525a75e0f98931b841dd3c1478') in 0.018091 seconds 
  Import took 0.025410 seconds .

========================================================================
Received Import Request.
  Time since last request: 0.000208 seconds.
  path: Assets/tilemaps/0x72_DungeonTilesetII_v1.4_2.asset
  artifactKey: Guid(5b95f3b6f19b5eb4c94732fd2233301b) Importer(815301076,1909f56bfc062723c751e8b465ee728b)
Start importing Assets/tilemaps/0x72_DungeonTilesetII_v1.4_2.asset using Guid(5b95f3b6f19b5eb4c94732fd2233301b) Importer(815301076,1909f56bfc062723c751e8b465ee728b)  -> (artifact id: '827c84bf9f433c946061770c3d9adee3') in 0.015260 seconds 
  Import took 0.022139 seconds .

========================================================================
Received Import Request.
  Time since last request: 0.000315 seconds.
  path: Assets/tilemaps/0x72_DungeonTilesetII_v1.4_137.asset
  artifactKey: Guid(d9ccf83f2f5456e4eb8917e4058fa5d7) Importer(815301076,1909f56bfc062723c751e8b465ee728b)
Start importing Assets/tilemaps/0x72_DungeonTilesetII_v1.4_137.asset using Guid(d9ccf83f2f5456e4eb8917e4058fa5d7) Importer(815301076,1909f56bfc062723c751e8b465ee728b)  -> (artifact id: '3e9d9dc20a55056fc1819710d23d7d01') in 0.017581 seconds 
  Import took 0.023756 seconds .

========================================================================
Received Import Request.
  Time since last request: 0.000140 seconds.
  path: Assets/tilemaps/0x72_DungeonTilesetII_v1.4_26.asset
  artifactKey: Guid(c1b743d1fb449064894a0abaee7e27af) Importer(815301076,1909f56bfc062723c751e8b465ee728b)
Start importing Assets/tilemaps/0x72_DungeonTilesetII_v1.4_26.asset using Guid(c1b743d1fb449064894a0abaee7e27af) Importer(815301076,1909f56bfc062723c751e8b465ee728b)  -> (artifact id: '6328a8e9d8ef8c98e725299b89e22112') in 0.017699 seconds 
  Import took 0.026756 seconds .

========================================================================
Received Import Request.
  Time since last request: 0.002148 seconds.
  path: Assets/tilemaps/0x72_DungeonTilesetII_v1.4_33.asset
  artifactKey: Guid(252241a52e117f84dbaec71661374f84) Importer(815301076,1909f56bfc062723c751e8b465ee728b)
Start importing Assets/tilemaps/0x72_DungeonTilesetII_v1.4_33.asset using Guid(252241a52e117f84dbaec71661374f84) Importer(815301076,1909f56bfc062723c751e8b465ee728b)  -> (artifact id: 'b5c95db462f5daa514e99bf889daf3cb') in 0.022440 seconds 
  Import took 0.033627 seconds .

========================================================================
Received Import Request.
  Time since last request: 0.000265 seconds.
  path: Assets/tilemaps/0x72_DungeonTilesetII_v1.4_9.asset
  artifactKey: Guid(af284726777d5414e96e74d498a9aeb5) Importer(815301076,1909f56bfc062723c751e8b465ee728b)
Start importing Assets/tilemaps/0x72_DungeonTilesetII_v1.4_9.asset using Guid(af284726777d5414e96e74d498a9aeb5) Importer(815301076,1909f56bfc062723c751e8b465ee728b)  -> (artifact id: '6c6f75c6c269ff8836d962749f9de783') in 0.025960 seconds 
  Import took 0.034455 seconds .

========================================================================
Received Import Request.
  Time since last request: 0.000193 seconds.
  path: Assets/tilemaps/0x72_DungeonTilesetII_v1.4_102.asset
  artifactKey: Guid(16c76b8e3e39a7a469e3d9c098197d33) Importer(815301076,1909f56bfc062723c751e8b465ee728b)
Start importing Assets/tilemaps/0x72_DungeonTilesetII_v1.4_102.asset using Guid(16c76b8e3e39a7a469e3d9c098197d33) Importer(815301076,1909f56bfc062723c751e8b465ee728b)  -> (artifact id: '723bcb881f19a5373eb0f2d283e436a6') in 0.016444 seconds 
  Import took 0.024230 seconds .

========================================================================
Received Import Request.
  Time since last request: 0.000177 seconds.
  path: Assets/tilemaps/0x72_DungeonTilesetII_v1.4_41.asset
  artifactKey: Guid(c92673985cc63e04088dba76c027ac2e) Importer(815301076,1909f56bfc062723c751e8b465ee728b)
Start importing Assets/tilemaps/0x72_DungeonTilesetII_v1.4_41.asset using Guid(c92673985cc63e04088dba76c027ac2e) Importer(815301076,1909f56bfc062723c751e8b465ee728b)  -> (artifact id: '43e7d94f18d3e814cf90dcfa987a7392') in 0.017907 seconds 
  Import took 0.026718 seconds .

========================================================================
Received Import Request.
  Time since last request: 0.000152 seconds.
  path: Assets/tilemaps/0x72_DungeonTilesetII_v1.4_3.asset
  artifactKey: Guid(ad5a3e41a42bfc64aa56c0a9617a5eff) Importer(815301076,1909f56bfc062723c751e8b465ee728b)
Start importing Assets/tilemaps/0x72_DungeonTilesetII_v1.4_3.asset using Guid(ad5a3e41a42bfc64aa56c0a9617a5eff) Importer(815301076,1909f56bfc062723c751e8b465ee728b)  -> (artifact id: 'e9497f54a1f0494d2134baa7ce3f5ca6') in 0.015010 seconds 
  Import took 0.024345 seconds .

========================================================================
Received Import Request.
  Time since last request: 0.000585 seconds.
  path: Assets/tilemaps/0x72_DungeonTilesetII_v1.4_34.asset
  artifactKey: Guid(1015de91f92682741a4bc883e19924db) Importer(815301076,1909f56bfc062723c751e8b465ee728b)
Start importing Assets/tilemaps/0x72_DungeonTilesetII_v1.4_34.asset using Guid(1015de91f92682741a4bc883e19924db) Importer(815301076,1909f56bfc062723c751e8b465ee728b)  -> (artifact id: 'e8ff49358a2076c60e366dbb3a3fbc23') in 0.017314 seconds 
  Import took 0.025068 seconds .

========================================================================
Received Import Request.
  Time since last request: 0.000486 seconds.
  path: Assets/tilemaps/0x72_DungeonTilesetII_v1.4_97.asset
  artifactKey: Guid(f155b3b60a8aaaf47b34f6a64defb51c) Importer(815301076,1909f56bfc062723c751e8b465ee728b)
Start importing Assets/tilemaps/0x72_DungeonTilesetII_v1.4_97.asset using Guid(f155b3b60a8aaaf47b34f6a64defb51c) Importer(815301076,1909f56bfc062723c751e8b465ee728b)  -> (artifact id: '52af084325632e54abe37f121342fe8d') in 0.017503 seconds 
  Import took 0.029129 seconds .

========================================================================
Received Import Request.
  Time since last request: 0.000215 seconds.
  path: Assets/tilemaps/0x72_DungeonTilesetII_v1.4_85.asset
  artifactKey: Guid(70ebb56ba2a9959459dc689041fa920f) Importer(815301076,1909f56bfc062723c751e8b465ee728b)
Start importing Assets/tilemaps/0x72_DungeonTilesetII_v1.4_85.asset using Guid(70ebb56ba2a9959459dc689041fa920f) Importer(815301076,1909f56bfc062723c751e8b465ee728b)  -> (artifact id: '3de97604d0ee79d3af0d043b9d0d1251') in 0.018837 seconds 
  Import took 0.028997 seconds .

========================================================================
Received Import Request.
  Time since last request: 0.001970 seconds.
  path: Assets/tilemaps/0x72_DungeonTilesetII_v1.4_90.asset
  artifactKey: Guid(a790b1f8db82a3d40b8eb094decced9d) Importer(815301076,1909f56bfc062723c751e8b465ee728b)
Start importing Assets/tilemaps/0x72_DungeonTilesetII_v1.4_90.asset using Guid(a790b1f8db82a3d40b8eb094decced9d) Importer(815301076,1909f56bfc062723c751e8b465ee728b)  -> (artifact id: '5e4d1f0e2124e156f00a5c8d81ce570f') in 0.021150 seconds 
  Import took 0.029855 seconds .

========================================================================
Received Import Request.
  Time since last request: 0.000396 seconds.
  path: Assets/tilemaps/0x72_DungeonTilesetII_v1.4_133.asset
  artifactKey: Guid(60434baa14b351948a04fb8bd285af50) Importer(815301076,1909f56bfc062723c751e8b465ee728b)
Start importing Assets/tilemaps/0x72_DungeonTilesetII_v1.4_133.asset using Guid(60434baa14b351948a04fb8bd285af50) Importer(815301076,1909f56bfc062723c751e8b465ee728b)  -> (artifact id: '1cebf6e65be1e603fd08734d3da41ad8') in 0.022517 seconds 
  Import took 0.031965 seconds .

========================================================================
Received Import Request.
  Time since last request: 0.001804 seconds.
  path: Assets/tilemaps/0x72_DungeonTilesetII_v1.4_88.asset
  artifactKey: Guid(e60eae0743e4fc04bb317dd74984a244) Importer(815301076,1909f56bfc062723c751e8b465ee728b)
Start importing Assets/tilemaps/0x72_DungeonTilesetII_v1.4_88.asset using Guid(e60eae0743e4fc04bb317dd74984a244) Importer(815301076,1909f56bfc062723c751e8b465ee728b)  -> (artifact id: '950871eb1be595e093443031e2a61986') in 0.074325 seconds 
  Import took 0.081333 seconds .

========================================================================
Received Import Request.
  Time since last request: 0.000349 seconds.
  path: Assets/tilemaps/0x72_DungeonTilesetII_v1.4_80.asset
  artifactKey: Guid(685b1d03ebc27a449883fdb394ae453d) Importer(815301076,1909f56bfc062723c751e8b465ee728b)
Start importing Assets/tilemaps/0x72_DungeonTilesetII_v1.4_80.asset using Guid(685b1d03ebc27a449883fdb394ae453d) Importer(815301076,1909f56bfc062723c751e8b465ee728b)  -> (artifact id: '25ccc8f1519df2b1c756726b9c246a32') in 0.018517 seconds 
  Import took 0.030223 seconds .

========================================================================
Received Import Request.
  Time since last request: 0.000573 seconds.
  path: Assets/tilemaps/0x72_DungeonTilesetII_v1.4_7.asset
  artifactKey: Guid(948fe4b4c4134254282474e13372ba88) Importer(815301076,1909f56bfc062723c751e8b465ee728b)
Start importing Assets/tilemaps/0x72_DungeonTilesetII_v1.4_7.asset using Guid(948fe4b4c4134254282474e13372ba88) Importer(815301076,1909f56bfc062723c751e8b465ee728b)  -> (artifact id: '3387c59e9c28f6a8b3121d5dd1ad30b4') in 0.017399 seconds 
  Import took 0.024666 seconds .

========================================================================
Received Import Request.
  Time since last request: 0.000401 seconds.
  path: Assets/tilemaps/0x72_DungeonTilesetII_v1.4_25.asset
  artifactKey: Guid(979489267b5c2ec439822e124d059e81) Importer(815301076,1909f56bfc062723c751e8b465ee728b)
Start importing Assets/tilemaps/0x72_DungeonTilesetII_v1.4_25.asset using Guid(979489267b5c2ec439822e124d059e81) Importer(815301076,1909f56bfc062723c751e8b465ee728b)  -> (artifact id: 'd9076ee02d36c40f26abcd36a6f7372b') in 0.015956 seconds 
  Import took 0.024099 seconds .

========================================================================
Received Import Request.
  Time since last request: 0.000219 seconds.
  path: Assets/tilemaps/0x72_DungeonTilesetII_v1.4_52.asset
  artifactKey: Guid(37ee919acb65fb04ba8cb0fbb0de6922) Importer(815301076,1909f56bfc062723c751e8b465ee728b)
Start importing Assets/tilemaps/0x72_DungeonTilesetII_v1.4_52.asset using Guid(37ee919acb65fb04ba8cb0fbb0de6922) Importer(815301076,1909f56bfc062723c751e8b465ee728b)  -> (artifact id: '73247e1da10321f8e9f7b0254fbfca73') in 0.020090 seconds 
  Import took 0.029339 seconds .

========================================================================
Received Import Request.
  Time since last request: 0.000528 seconds.
  path: Assets/tilemaps/0x72_DungeonTilesetII_v1.4_56.asset
  artifactKey: Guid(115e57ca817d7ad4f83a7a7c132ee1ce) Importer(815301076,1909f56bfc062723c751e8b465ee728b)
Start importing Assets/tilemaps/0x72_DungeonTilesetII_v1.4_56.asset using Guid(115e57ca817d7ad4f83a7a7c132ee1ce) Importer(815301076,1909f56bfc062723c751e8b465ee728b)  -> (artifact id: '0c1f095d822bb8bda1905b886c94da3e') in 0.014722 seconds 
  Import took 0.021011 seconds .

========================================================================
Received Import Request.
  Time since last request: 0.000276 seconds.
  path: Assets/tilemaps/0x72_DungeonTilesetII_v1.4_114.asset
  artifactKey: Guid(2cff3f2d24748604bb148c26aaafacf4) Importer(815301076,1909f56bfc062723c751e8b465ee728b)
Start importing Assets/tilemaps/0x72_DungeonTilesetII_v1.4_114.asset using Guid(2cff3f2d24748604bb148c26aaafacf4) Importer(815301076,1909f56bfc062723c751e8b465ee728b)  -> (artifact id: '16479af87b556685956ada678d5bb9f5') in 0.020681 seconds 
  Import took 0.028744 seconds .

========================================================================
Received Import Request.
  Time since last request: 0.000207 seconds.
  path: Assets/tilemaps/0x72_DungeonTilesetII_v1.4_45.asset
  artifactKey: Guid(8cec57854304abb4197424d417929022) Importer(815301076,1909f56bfc062723c751e8b465ee728b)
Start importing Assets/tilemaps/0x72_DungeonTilesetII_v1.4_45.asset using Guid(8cec57854304abb4197424d417929022) Importer(815301076,1909f56bfc062723c751e8b465ee728b)  -> (artifact id: '79ab98217d7900ed7dfc0f0b8ea9e0d6') in 0.017744 seconds 
  Import took 0.025516 seconds .

========================================================================
Received Import Request.
  Time since last request: 0.000330 seconds.
  path: Assets/tilemaps/0x72_DungeonTilesetII_v1.4_94.asset
  artifactKey: Guid(5e300bf30d7462a4fa16e9896367f0cc) Importer(815301076,1909f56bfc062723c751e8b465ee728b)
Start importing Assets/tilemaps/0x72_DungeonTilesetII_v1.4_94.asset using Guid(5e300bf30d7462a4fa16e9896367f0cc) Importer(815301076,1909f56bfc062723c751e8b465ee728b)  -> (artifact id: '6f985d3e08d8820fff6133d258b23696') in 0.017223 seconds 
  Import took 0.024590 seconds .

========================================================================
Received Import Request.
  Time since last request: 0.000298 seconds.
  path: Assets/tilemaps/0x72_DungeonTilesetII_v1.4_1.asset
  artifactKey: Guid(50870e79b1404764e945bcc6c645a51e) Importer(815301076,1909f56bfc062723c751e8b465ee728b)
Start importing Assets/tilemaps/0x72_DungeonTilesetII_v1.4_1.asset using Guid(50870e79b1404764e945bcc6c645a51e) Importer(815301076,1909f56bfc062723c751e8b465ee728b)  -> (artifact id: '22bed220f4bcec1f4292c0f98f365e3c') in 0.016757 seconds 
  Import took 0.025570 seconds .

========================================================================
Received Import Request.
  Time since last request: 0.000177 seconds.
  path: Assets/tilemaps/0x72_DungeonTilesetII_v1.4_21.asset
  artifactKey: Guid(51c956a07d1db5b43b8ed35df6f9d430) Importer(815301076,1909f56bfc062723c751e8b465ee728b)
Start importing Assets/tilemaps/0x72_DungeonTilesetII_v1.4_21.asset using Guid(51c956a07d1db5b43b8ed35df6f9d430) Importer(815301076,1909f56bfc062723c751e8b465ee728b)  -> (artifact id: 'f16aa538d1fbfebce5ee7bd4ac6b9fc4') in 0.017362 seconds 
  Import took 0.023484 seconds .

========================================================================
Received Import Request.
  Time since last request: 0.000347 seconds.
  path: Assets/tilemaps/0x72_DungeonTilesetII_v1.4_83.asset
  artifactKey: Guid(72d04d995b2ffe546bbb9d3a6c81b283) Importer(815301076,1909f56bfc062723c751e8b465ee728b)
Start importing Assets/tilemaps/0x72_DungeonTilesetII_v1.4_83.asset using Guid(72d04d995b2ffe546bbb9d3a6c81b283) Importer(815301076,1909f56bfc062723c751e8b465ee728b)  -> (artifact id: '29cf1e5112cc8e83d3c6f85fbb0faac2') in 0.017236 seconds 
  Import took 0.025727 seconds .

========================================================================
Received Import Request.
  Time since last request: 0.000195 seconds.
  path: Assets/tilemaps/0x72_DungeonTilesetII_v1.4_75.asset
  artifactKey: Guid(407dd8962449ce34a943bb47a33dae82) Importer(815301076,1909f56bfc062723c751e8b465ee728b)
Start importing Assets/tilemaps/0x72_DungeonTilesetII_v1.4_75.asset using Guid(407dd8962449ce34a943bb47a33dae82) Importer(815301076,1909f56bfc062723c751e8b465ee728b)  -> (artifact id: '9acb1373bb24e4fc012f62a5958f89f3') in 0.015021 seconds 
  Import took 0.021453 seconds .

========================================================================
Received Import Request.
  Time since last request: 0.000183 seconds.
  path: Assets/tilemaps/0x72_DungeonTilesetII_v1.4_53.asset
  artifactKey: Guid(b11c89f1a238ea0439c6be11de4a78a2) Importer(815301076,1909f56bfc062723c751e8b465ee728b)
Start importing Assets/tilemaps/0x72_DungeonTilesetII_v1.4_53.asset using Guid(b11c89f1a238ea0439c6be11de4a78a2) Importer(815301076,1909f56bfc062723c751e8b465ee728b)  -> (artifact id: '9849a77e94f2106be0672fd0550cdf44') in 0.015699 seconds 
  Import took 0.023402 seconds .

========================================================================
Received Import Request.
  Time since last request: 0.000309 seconds.
  path: Assets/tilemaps/0x72_DungeonTilesetII_v1.4_66.asset
  artifactKey: Guid(c058b2468007f38469e0f2c13e17c0aa) Importer(815301076,1909f56bfc062723c751e8b465ee728b)
Start importing Assets/tilemaps/0x72_DungeonTilesetII_v1.4_66.asset using Guid(c058b2468007f38469e0f2c13e17c0aa) Importer(815301076,1909f56bfc062723c751e8b465ee728b)  -> (artifact id: '262e4d65fad457bb33744390d2cf8427') in 0.016146 seconds 
  Import took 0.022415 seconds .

========================================================================
Received Import Request.
  Time since last request: 0.000154 seconds.
  path: Assets/tilemaps/0x72_DungeonTilesetII_v1.4_99.asset
  artifactKey: Guid(b605199b32410ef43867bf2691494f9d) Importer(815301076,1909f56bfc062723c751e8b465ee728b)
Start importing Assets/tilemaps/0x72_DungeonTilesetII_v1.4_99.asset using Guid(b605199b32410ef43867bf2691494f9d) Importer(815301076,1909f56bfc062723c751e8b465ee728b)  -> (artifact id: '8ca70cc3d332351fda843390f5722129') in 0.018424 seconds 
  Import took 0.028913 seconds .

========================================================================
Received Import Request.
  Time since last request: 0.000463 seconds.
  path: Assets/tilemaps/0x72_DungeonTilesetII_v1.4_20.asset
  artifactKey: Guid(2490a13ff385d434c876eacf25c356f8) Importer(815301076,1909f56bfc062723c751e8b465ee728b)
Start importing Assets/tilemaps/0x72_DungeonTilesetII_v1.4_20.asset using Guid(2490a13ff385d434c876eacf25c356f8) Importer(815301076,1909f56bfc062723c751e8b465ee728b)  -> (artifact id: '9d7cac982ff127580018c84f543bd197') in 0.015219 seconds 
  Import took 0.023934 seconds .

========================================================================
Received Import Request.
  Time since last request: 0.000221 seconds.
  path: Assets/tilemaps/0x72_DungeonTilesetII_v1.4_105.asset
  artifactKey: Guid(bcc6d759f8f4c614ab601cd5e7f12e53) Importer(815301076,1909f56bfc062723c751e8b465ee728b)
Start importing Assets/tilemaps/0x72_DungeonTilesetII_v1.4_105.asset using Guid(bcc6d759f8f4c614ab601cd5e7f12e53) Importer(815301076,1909f56bfc062723c751e8b465ee728b)  -> (artifact id: 'cf0832a4a10a589a82714be6bcd95436') in 0.015823 seconds 
  Import took 0.023850 seconds .

========================================================================
Received Import Request.
  Time since last request: 0.000153 seconds.
  path: Assets/tilemaps/0x72_DungeonTilesetII_v1.4_113.asset
  artifactKey: Guid(16e27f5e5cc6072439e6ec5dc93be9d1) Importer(815301076,1909f56bfc062723c751e8b465ee728b)
Start importing Assets/tilemaps/0x72_DungeonTilesetII_v1.4_113.asset using Guid(16e27f5e5cc6072439e6ec5dc93be9d1) Importer(815301076,1909f56bfc062723c751e8b465ee728b)  -> (artifact id: 'c69eca4fd5ffba17896c3a763783d568') in 0.019234 seconds 
  Import took 0.027573 seconds .

========================================================================
Received Import Request.
  Time since last request: 0.001173 seconds.
  path: Assets/tilemaps/0x72_DungeonTilesetII_v1.4_72.asset
  artifactKey: Guid(bb81275a5718e844d85a917dfa9396df) Importer(815301076,1909f56bfc062723c751e8b465ee728b)
Start importing Assets/tilemaps/0x72_DungeonTilesetII_v1.4_72.asset using Guid(bb81275a5718e844d85a917dfa9396df) Importer(815301076,1909f56bfc062723c751e8b465ee728b)  -> (artifact id: '71a820bef61716bcc5262328cd60e163') in 0.017168 seconds 
  Import took 0.027091 seconds .

========================================================================
Received Import Request.
  Time since last request: 0.000196 seconds.
  path: Assets/tilemaps/0x72_DungeonTilesetII_v1.4_47.asset
  artifactKey: Guid(b01b7efc6a1657f4eb515bad95758aa5) Importer(815301076,1909f56bfc062723c751e8b465ee728b)
Start importing Assets/tilemaps/0x72_DungeonTilesetII_v1.4_47.asset using Guid(b01b7efc6a1657f4eb515bad95758aa5) Importer(815301076,1909f56bfc062723c751e8b465ee728b)  -> (artifact id: '7e868b075893018f6c4dac0b16d90477') in 0.015861 seconds 
  Import took 0.024641 seconds .

========================================================================
Received Import Request.
  Time since last request: 0.000364 seconds.
  path: Assets/tilemaps/0x72_DungeonTilesetII_v1.4_70.asset
  artifactKey: Guid(29a6c1559bcccaf4eab90c62ef134d2d) Importer(815301076,1909f56bfc062723c751e8b465ee728b)
Start importing Assets/tilemaps/0x72_DungeonTilesetII_v1.4_70.asset using Guid(29a6c1559bcccaf4eab90c62ef134d2d) Importer(815301076,1909f56bfc062723c751e8b465ee728b)  -> (artifact id: 'c8917332de29346dec6ab2337a19ff12') in 0.015804 seconds 
  Import took 0.022360 seconds .

========================================================================
Received Import Request.
  Time since last request: 0.000257 seconds.
  path: Assets/tilemaps/0x72_DungeonTilesetII_v1.4_55.asset
  artifactKey: Guid(780f20861bea8ac4b904ef6df72cce32) Importer(815301076,1909f56bfc062723c751e8b465ee728b)
Start importing Assets/tilemaps/0x72_DungeonTilesetII_v1.4_55.asset using Guid(780f20861bea8ac4b904ef6df72cce32) Importer(815301076,1909f56bfc062723c751e8b465ee728b)  -> (artifact id: '1552736a91b0a685b175094865a856b2') in 0.014882 seconds 
  Import took 0.023432 seconds .

========================================================================
Received Import Request.
  Time since last request: 0.000173 seconds.
  path: Assets/tilemaps/0x72_DungeonTilesetII_v1.4_98.asset
  artifactKey: Guid(a7c60830d1ec1e14daf8d31f1c8a0ae4) Importer(815301076,1909f56bfc062723c751e8b465ee728b)
Start importing Assets/tilemaps/0x72_DungeonTilesetII_v1.4_98.asset using Guid(a7c60830d1ec1e14daf8d31f1c8a0ae4) Importer(815301076,1909f56bfc062723c751e8b465ee728b)  -> (artifact id: '4946745c48f4ec64931da52db18aa881') in 0.017089 seconds 
  Import took 0.024399 seconds .

========================================================================
Received Import Request.
  Time since last request: 0.000193 seconds.
  path: Assets/tilemaps/0x72_DungeonTilesetII_v1.4_67.asset
  artifactKey: Guid(b157d41e33bc10c429df61e74abb13c3) Importer(815301076,1909f56bfc062723c751e8b465ee728b)
Start importing Assets/tilemaps/0x72_DungeonTilesetII_v1.4_67.asset using Guid(b157d41e33bc10c429df61e74abb13c3) Importer(815301076,1909f56bfc062723c751e8b465ee728b)  -> (artifact id: 'c010586b39240b811f279c33029a289e') in 0.019337 seconds 
  Import took 0.025794 seconds .

========================================================================
Received Import Request.
  Time since last request: 0.000228 seconds.
  path: Assets/tilemaps/0x72_DungeonTilesetII_v1.4_101.asset
  artifactKey: Guid(488f6ad4ddd5acf429d906c8ba78bd1d) Importer(815301076,1909f56bfc062723c751e8b465ee728b)
Start importing Assets/tilemaps/0x72_DungeonTilesetII_v1.4_101.asset using Guid(488f6ad4ddd5acf429d906c8ba78bd1d) Importer(815301076,1909f56bfc062723c751e8b465ee728b)  -> (artifact id: 'fab81ecb0b2f29154eae8485f95a3608') in 0.016866 seconds 
  Import took 0.025616 seconds .

========================================================================
Received Import Request.
  Time since last request: 0.000165 seconds.
  path: Assets/tilemaps/0x72_DungeonTilesetII_v1.4_5.asset
  artifactKey: Guid(cf9437fafe8a8324788abcadf1f883ac) Importer(815301076,1909f56bfc062723c751e8b465ee728b)
Start importing Assets/tilemaps/0x72_DungeonTilesetII_v1.4_5.asset using Guid(cf9437fafe8a8324788abcadf1f883ac) Importer(815301076,1909f56bfc062723c751e8b465ee728b)  -> (artifact id: 'c7404b3cf918d850a27f58dd23394d65') in 0.016678 seconds 
  Import took 0.024807 seconds .

========================================================================
Received Import Request.
  Time since last request: 0.000184 seconds.
  path: Assets/tilemaps/0x72_DungeonTilesetII_v1.4_11.asset
  artifactKey: Guid(e43b33241876a184ca9c7d89e061191b) Importer(815301076,1909f56bfc062723c751e8b465ee728b)
Start importing Assets/tilemaps/0x72_DungeonTilesetII_v1.4_11.asset using Guid(e43b33241876a184ca9c7d89e061191b) Importer(815301076,1909f56bfc062723c751e8b465ee728b)  -> (artifact id: '8f79081fb7ffe7a3e1effe8f12c1413c') in 0.017875 seconds 
  Import took 0.025965 seconds .

========================================================================
Received Import Request.
  Time since last request: 0.000217 seconds.
  path: Assets/tilemaps/0x72_DungeonTilesetII_v1.4_15.asset
  artifactKey: Guid(669da1b3550e4c04fa51d2efee22238d) Importer(815301076,1909f56bfc062723c751e8b465ee728b)
Start importing Assets/tilemaps/0x72_DungeonTilesetII_v1.4_15.asset using Guid(669da1b3550e4c04fa51d2efee22238d) Importer(815301076,1909f56bfc062723c751e8b465ee728b)  -> (artifact id: 'dceef413673e0e744f0aca5984f0d650') in 0.018086 seconds 
  Import took 0.026782 seconds .

========================================================================
Received Import Request.
  Time since last request: 0.000303 seconds.
  path: Assets/tilemaps/0x72_DungeonTilesetII_v1.4_36.asset
  artifactKey: Guid(8a09b9771f687184ab8a1490683e71af) Importer(815301076,1909f56bfc062723c751e8b465ee728b)
Start importing Assets/tilemaps/0x72_DungeonTilesetII_v1.4_36.asset using Guid(8a09b9771f687184ab8a1490683e71af) Importer(815301076,1909f56bfc062723c751e8b465ee728b)  -> (artifact id: '4a6b04d76072cfebdb71ce8d2849aef3') in 0.019223 seconds 
  Import took 0.026213 seconds .

========================================================================
Received Import Request.
  Time since last request: 0.000216 seconds.
  path: Assets/tilemaps/0x72_DungeonTilesetII_v1.4_30.asset
  artifactKey: Guid(895536ba48b6cd84f9e6918a44841480) Importer(815301076,1909f56bfc062723c751e8b465ee728b)
Start importing Assets/tilemaps/0x72_DungeonTilesetII_v1.4_30.asset using Guid(895536ba48b6cd84f9e6918a44841480) Importer(815301076,1909f56bfc062723c751e8b465ee728b)  -> (artifact id: '2c7d670393f21b686234e86bd11464a4') in 0.019004 seconds 
  Import took 0.028408 seconds .

========================================================================
Received Import Request.
  Time since last request: 0.000162 seconds.
  path: Assets/tilemaps/0x72_DungeonTilesetII_v1.4_35.asset
  artifactKey: Guid(0691ce50c01f21340823b241fd4ecafe) Importer(815301076,1909f56bfc062723c751e8b465ee728b)
Start importing Assets/tilemaps/0x72_DungeonTilesetII_v1.4_35.asset using Guid(0691ce50c01f21340823b241fd4ecafe) Importer(815301076,1909f56bfc062723c751e8b465ee728b)  -> (artifact id: 'cce0b9ed365919714b33862d301f8569') in 0.017897 seconds 
  Import took 0.027198 seconds .

========================================================================
Received Import Request.
  Time since last request: 0.000240 seconds.
  path: Assets/tilemaps/0x72_DungeonTilesetII_v1.4_128.asset
  artifactKey: Guid(b1a02f2e658b37e49b78040ca2253aa5) Importer(815301076,1909f56bfc062723c751e8b465ee728b)
Start importing Assets/tilemaps/0x72_DungeonTilesetII_v1.4_128.asset using Guid(b1a02f2e658b37e49b78040ca2253aa5) Importer(815301076,1909f56bfc062723c751e8b465ee728b)  -> (artifact id: '9bf1356493ef7bd4c3a9ed79cd9fec2f') in 0.016390 seconds 
  Import took 0.022669 seconds .

========================================================================
Received Import Request.
  Time since last request: 0.000164 seconds.
  path: Assets/tilemaps/0x72_DungeonTilesetII_v1.4_14.asset
  artifactKey: Guid(f07f19cb7e756874a90e3a8553b2ea4d) Importer(815301076,1909f56bfc062723c751e8b465ee728b)
Start importing Assets/tilemaps/0x72_DungeonTilesetII_v1.4_14.asset using Guid(f07f19cb7e756874a90e3a8553b2ea4d) Importer(815301076,1909f56bfc062723c751e8b465ee728b)  -> (artifact id: '4fea99e23135f1a379185e35f498e296') in 0.021433 seconds 
  Import took 0.031351 seconds .

========================================================================
Received Import Request.
  Time since last request: 0.000176 seconds.
  path: Assets/tilemaps/0x72_DungeonTilesetII_v1.4_50.asset
  artifactKey: Guid(55365b6247d53e34cbf97407920dafc4) Importer(815301076,1909f56bfc062723c751e8b465ee728b)
Start importing Assets/tilemaps/0x72_DungeonTilesetII_v1.4_50.asset using Guid(55365b6247d53e34cbf97407920dafc4) Importer(815301076,1909f56bfc062723c751e8b465ee728b)  -> (artifact id: '6909f95348a0abb2d892e609593439cf') in 0.021736 seconds 
  Import took 0.030493 seconds .

========================================================================
Received Import Request.
  Time since last request: 0.000273 seconds.
  path: Assets/tilemaps/0x72_DungeonTilesetII_v1.4_104.asset
  artifactKey: Guid(9258bc4cef3f29941b74840ca0bb3c1f) Importer(815301076,1909f56bfc062723c751e8b465ee728b)
Start importing Assets/tilemaps/0x72_DungeonTilesetII_v1.4_104.asset using Guid(9258bc4cef3f29941b74840ca0bb3c1f) Importer(815301076,1909f56bfc062723c751e8b465ee728b)  -> (artifact id: '77aff8986b7188ad0b509338ae013916') in 0.017852 seconds 
  Import took 0.026252 seconds .

========================================================================
Received Import Request.
  Time since last request: 0.000309 seconds.
  path: Assets/tilemaps/0x72_DungeonTilesetII_v1.4_92.asset
  artifactKey: Guid(b214f2e5186788f4d894b1e77a1504b8) Importer(815301076,1909f56bfc062723c751e8b465ee728b)
Start importing Assets/tilemaps/0x72_DungeonTilesetII_v1.4_92.asset using Guid(b214f2e5186788f4d894b1e77a1504b8) Importer(815301076,1909f56bfc062723c751e8b465ee728b)  -> (artifact id: '38627f40c202d9f426660c0589a7f24b') in 0.013586 seconds 
  Import took 0.025620 seconds .

========================================================================
Received Import Request.
  Time since last request: 0.000267 seconds.
  path: Assets/tilemaps/0x72_DungeonTilesetII_v1.4_37.asset
  artifactKey: Guid(213365cbf1288954cb1d354e8805eab9) Importer(815301076,1909f56bfc062723c751e8b465ee728b)
Start importing Assets/tilemaps/0x72_DungeonTilesetII_v1.4_37.asset using Guid(213365cbf1288954cb1d354e8805eab9) Importer(815301076,1909f56bfc062723c751e8b465ee728b)  -> (artifact id: '2bcb54781eb9c8f30090de65a383c512') in 0.016559 seconds 
  Import took 0.024265 seconds .

========================================================================
Received Import Request.
  Time since last request: 0.000200 seconds.
  path: Assets/tilemaps/0x72_DungeonTilesetII_v1.4_111.asset
  artifactKey: Guid(0f7d5c539fd7cf44590569f5f643cbf4) Importer(815301076,1909f56bfc062723c751e8b465ee728b)
Start importing Assets/tilemaps/0x72_DungeonTilesetII_v1.4_111.asset using Guid(0f7d5c539fd7cf44590569f5f643cbf4) Importer(815301076,1909f56bfc062723c751e8b465ee728b)  -> (artifact id: 'fd6b71f11e16ec6aa517145376ae990c') in 0.015777 seconds 
  Import took 0.025323 seconds .

========================================================================
Received Import Request.
  Time since last request: 0.000181 seconds.
  path: Assets/tilemaps/0x72_DungeonTilesetII_v1.4_44.asset
  artifactKey: Guid(45a05e61f2cb54e4ab1d0fe6288d6870) Importer(815301076,1909f56bfc062723c751e8b465ee728b)
Start importing Assets/tilemaps/0x72_DungeonTilesetII_v1.4_44.asset using Guid(45a05e61f2cb54e4ab1d0fe6288d6870) Importer(815301076,1909f56bfc062723c751e8b465ee728b)  -> (artifact id: '6959518a63e0b96b50f77adc7b563861') in 0.016701 seconds 
  Import took 0.024308 seconds .

========================================================================
Received Import Request.
  Time since last request: 0.000193 seconds.
  path: Assets/tilemaps/0x72_DungeonTilesetII_v1.4_134.asset
  artifactKey: Guid(b5972cd546e4a684992e3b1d89e2914f) Importer(815301076,1909f56bfc062723c751e8b465ee728b)
Start importing Assets/tilemaps/0x72_DungeonTilesetII_v1.4_134.asset using Guid(b5972cd546e4a684992e3b1d89e2914f) Importer(815301076,1909f56bfc062723c751e8b465ee728b)  -> (artifact id: 'fdcd77ff17952edba6a0217a456ae166') in 0.016101 seconds 
  Import took 0.024787 seconds .

========================================================================
Received Import Request.
  Time since last request: 0.000447 seconds.
  path: Assets/tilemaps/0x72_DungeonTilesetII_v1.4_108.asset
  artifactKey: Guid(2ea4193971543dd4b804c368ca990852) Importer(815301076,1909f56bfc062723c751e8b465ee728b)
Start importing Assets/tilemaps/0x72_DungeonTilesetII_v1.4_108.asset using Guid(2ea4193971543dd4b804c368ca990852) Importer(815301076,1909f56bfc062723c751e8b465ee728b)  -> (artifact id: '94473935dd87810ee7ebe4a198a18dcb') in 0.018865 seconds 
  Import took 0.027473 seconds .

========================================================================
Received Import Request.
  Time since last request: 183.229483 seconds.
  path: Assets/tilemaps/0x72_DungeonTilesetII_v1.4.png
  artifactKey: Guid(54e8c6c1a809b7d4d9ca25203430ef66) Importer(815301076,1909f56bfc062723c751e8b465ee728b)
Start importing Assets/tilemaps/0x72_DungeonTilesetII_v1.4.png using Guid(54e8c6c1a809b7d4d9ca25203430ef66) Importer(815301076,1909f56bfc062723c751e8b465ee728b)  -> (artifact id: 'dedb04b064bb64733e3fee9658724ea4') in 2.229155 seconds 
  Import took 2.240370 seconds .

